

================================================================
== Vivado HLS Report for 'image_filter_PaintMask_2048_0_1080_1920_s'
================================================================
* Date:           Tue Dec 13 04:20:37 2016

* Version:        2016.1 (Build 1538259 on Fri Apr 08 16:12:49 MDT 2016)
* Project:        prj
* Solution:       solution1
* Product family: zynq
* Target device:  xc7z020clg484-1


================================================================
== Performance Estimates
================================================================
+ Timing (ns): 
    * Summary: 
    +--------+-------+----------+------------+
    |  Clock | Target| Estimated| Uncertainty|
    +--------+-------+----------+------------+
    |ap_clk  |   6.67|      4.91|        0.83|
    +--------+-------+----------+------------+

+ Latency (clock cycles): 
    * Summary: 
    +-----+---------+-----+---------+---------+
    |    Latency    |    Interval   | Pipeline|
    | min |   max   | min |   max   |   Type  |
    +-----+---------+-----+---------+---------+
    |    1|  2077921|    1|  2077921|   none  |
    +-----+---------+-----+---------+---------+

    + Detail: 
        * Instance: 
        N/A

        * Loop: 
        +---------------+-----+---------+----------+-----------+-----------+----------+----------+
        |               |    Latency    | Iteration|  Initiation Interval  |   Trip   |          |
        |   Loop Name   | min |   max   |  Latency |  achieved |   target  |   Count  | Pipelined|
        +---------------+-----+---------+----------+-----------+-----------+----------+----------+
        |- loop_height  |    0|  2077920| 3 ~ 1924 |          -|          -| 0 ~ 1080 |    no    |
        | + loop_width  |    0|     1921|         3|          1|          1| 0 ~ 1920 |    yes   |
        +---------------+-----+---------+----------+-----------+-----------+----------+----------+

============================================================
+ Verbose Summary: Synthesis Manager
============================================================
InlineROM: 1
ExposeGlobal: 0
============================================================
+ Verbose Summary: CDFG Model
============================================================
IsTopModel: 0
ResetActiveHigh: 1
IsCombinational: 2
IsDatapathOnly: 0
HasWiredReturn: 1
HasMFsm: 0
HasVarLatency: 1
IsPipeline: 0
IsRtlPipelined: 0
IsInstanceOverlapped: 0
IsDontTouch: 0
HasImplIP: 0
IsGatedGlobalClock: 0

+ Individual pipeline summary: 
  * Pipeline-0: initiation interval (II) = 1, depth = 3


============================================================
+ Verbose Summary: Schedule
============================================================
* Number of FSM states: 6
* Pipeline: 1
  Pipeline-0: II = 1, D = 3, States = { 3 4 5 }
* Dataflow Pipeline: 0

* FSM state transitions: 
1 --> 
	2  / true
2 --> 
	3  / (!exitcond2_i)
3 --> 
	6  / (exitcond_i)
	4  / (!exitcond_i)
4 --> 
	5  / true
5 --> 
	3  / true
6 --> 
	2  / true
* FSM state operations: 

 <State 1>: 1.57ns
ST_1: stg_7 [1/1] 0.00ns
entry:0  call void (...)* @_ssdm_op_SpecInterface(i8* %p_mask_data_stream_V, [8 x i8]* @ap_fifo_str, i32 0, i32 0, i32 0, i32 0, [1 x i8]* @p_str, [1 x i8]* @p_str, [1 x i8]* @p_str, i32 2, i32 2, i32 16, i32 16, [1 x i8]* @p_str)

ST_1: stg_8 [1/1] 0.00ns
entry:1  call void (...)* @_ssdm_op_SpecInterface(i8* %p_dst_data_stream_1_V, [8 x i8]* @ap_fifo_str, i32 0, i32 0, i32 0, i32 0, [1 x i8]* @p_str, [1 x i8]* @p_str, [1 x i8]* @p_str, i32 2, i32 2, i32 16, i32 16, [1 x i8]* @p_str)

ST_1: stg_9 [1/1] 0.00ns
entry:2  call void (...)* @_ssdm_op_SpecInterface(i8* %p_dst_data_stream_0_V, [8 x i8]* @ap_fifo_str, i32 0, i32 0, i32 0, i32 0, [1 x i8]* @p_str, [1 x i8]* @p_str, [1 x i8]* @p_str, i32 2, i32 2, i32 16, i32 16, [1 x i8]* @p_str)

ST_1: stg_10 [1/1] 0.00ns
entry:3  call void (...)* @_ssdm_op_SpecInterface(i8* %p_src_data_stream_1_V, [8 x i8]* @ap_fifo_str, i32 0, i32 0, i32 0, i32 0, [1 x i8]* @p_str, [1 x i8]* @p_str, [1 x i8]* @p_str, i32 2, i32 2, i32 16, i32 16, [1 x i8]* @p_str)

ST_1: stg_11 [1/1] 0.00ns
entry:4  call void (...)* @_ssdm_op_SpecInterface(i8* %p_src_data_stream_0_V, [8 x i8]* @ap_fifo_str, i32 0, i32 0, i32 0, i32 0, [1 x i8]* @p_str, [1 x i8]* @p_str, [1 x i8]* @p_str, i32 2, i32 2, i32 16, i32 16, [1 x i8]* @p_str)

ST_1: cols_read [1/1] 0.00ns
entry:5  %cols_read = call i11 @_ssdm_op_Read.ap_stable.i11(i11 %cols)

ST_1: rows_read [1/1] 0.00ns
entry:6  %rows_read = call i11 @_ssdm_op_Read.ap_stable.i11(i11 %rows)

ST_1: stg_14 [1/1] 0.00ns
entry:7  call void (...)* @_ssdm_op_SpecInterface(i11 %cols, [10 x i8]* @ap_stable_str, i32 0, i32 0, i32 0, i32 0, [1 x i8]* @p_str, [1 x i8]* @p_str, [1 x i8]* @p_str, i32 2, i32 2, i32 16, i32 16, [1 x i8]* @p_str)

ST_1: stg_15 [1/1] 0.00ns
entry:8  call void (...)* @_ssdm_op_SpecInterface(i11 %rows, [10 x i8]* @ap_stable_str, i32 0, i32 0, i32 0, i32 0, [1 x i8]* @p_str, [1 x i8]* @p_str, [1 x i8]* @p_str, i32 2, i32 2, i32 16, i32 16, [1 x i8]* @p_str)

ST_1: stg_16 [1/1] 1.57ns
entry:9  br label %0


 <State 2>: 3.48ns
ST_2: p_i [1/1] 0.00ns
:0  %p_i = phi i11 [ 0, %entry ], [ %i_V, %3 ]

ST_2: exitcond2_i [1/1] 2.11ns
:1  %exitcond2_i = icmp eq i11 %p_i, %rows_read

ST_2: stg_19 [1/1] 0.00ns
:2  call void (...)* @_ssdm_op_SpecLoopTripCount(i64 0, i64 1080, i64 0)

ST_2: i_V [1/1] 1.84ns
:3  %i_V = add i11 %p_i, 1

ST_2: stg_21 [1/1] 0.00ns
:4  br i1 %exitcond2_i, label %"PaintMask<2048, 0, 1080, 1920>.exit", label %1

ST_2: stg_22 [1/1] 0.00ns
:0  call void (...)* @_ssdm_op_SpecLoopName([12 x i8]* @p_str1819) nounwind

ST_2: tmp_i [1/1] 0.00ns
:1  %tmp_i = call i32 (...)* @_ssdm_op_SpecRegionBegin([12 x i8]* @p_str1819)

ST_2: stg_24 [1/1] 1.57ns
:2  br label %2

ST_2: stg_25 [1/1] 0.00ns
PaintMask<2048, 0, 1080, 1920>.exit:0  ret void


 <State 3>: 2.11ns
ST_3: p_2_i [1/1] 0.00ns
:0  %p_2_i = phi i11 [ 0, %1 ], [ %j_V, %"operator>>.exit.i" ]

ST_3: exitcond_i [1/1] 2.11ns
:1  %exitcond_i = icmp eq i11 %p_2_i, %cols_read

ST_3: stg_28 [1/1] 0.00ns
:2  call void (...)* @_ssdm_op_SpecLoopTripCount(i64 0, i64 1920, i64 0)

ST_3: j_V [1/1] 1.84ns
:3  %j_V = add i11 %p_2_i, 1

ST_3: stg_30 [1/1] 0.00ns
:4  br i1 %exitcond_i, label %3, label %"operator>>.exit.i"


 <State 4>: 4.91ns
ST_4: tmp_16_i [1/1] 0.00ns
operator>>.exit.i:3  %tmp_16_i = call i32 (...)* @_ssdm_op_SpecRegionBegin([13 x i8]* @p_str1824)

ST_4: stg_32 [1/1] 0.00ns
operator>>.exit.i:4  call void (...)* @_ssdm_op_SpecProtocol(i32 0, [1 x i8]* @p_str1807) nounwind

ST_4: tmp_6 [1/1] 2.92ns
operator>>.exit.i:5  %tmp_6 = call i8 @_ssdm_op_Read.ap_fifo.volatile.i8P(i8* %p_src_data_stream_0_V)

ST_4: tmp [1/1] 2.92ns
operator>>.exit.i:6  %tmp = call i8 @_ssdm_op_Read.ap_fifo.volatile.i8P(i8* %p_src_data_stream_1_V)

ST_4: empty [1/1] 0.00ns
operator>>.exit.i:7  %empty = call i32 (...)* @_ssdm_op_SpecRegionEnd([13 x i8]* @p_str1824, i32 %tmp_16_i)

ST_4: tmp_19_i [1/1] 0.00ns
operator>>.exit.i:8  %tmp_19_i = call i32 (...)* @_ssdm_op_SpecRegionBegin([13 x i8]* @p_str1834)

ST_4: stg_37 [1/1] 0.00ns
operator>>.exit.i:9  call void (...)* @_ssdm_op_SpecProtocol(i32 0, [1 x i8]* @p_str1807) nounwind

ST_4: tmp_3 [1/1] 2.92ns
operator>>.exit.i:10  %tmp_3 = call i8 @_ssdm_op_Read.ap_fifo.volatile.i8P(i8* %p_mask_data_stream_V)

ST_4: empty_42 [1/1] 0.00ns
operator>>.exit.i:11  %empty_42 = call i32 (...)* @_ssdm_op_SpecRegionEnd([13 x i8]* @p_str1834, i32 %tmp_19_i)

ST_4: tmp_i_43 [1/1] 2.00ns
operator>>.exit.i:12  %tmp_i_43 = icmp eq i8 %tmp_3, 0


 <State 5>: 4.29ns
ST_5: stg_41 [1/1] 0.00ns
operator>>.exit.i:0  call void (...)* @_ssdm_op_SpecLoopName([11 x i8]* @p_str1820) nounwind

ST_5: tmp_14_i [1/1] 0.00ns
operator>>.exit.i:1  %tmp_14_i = call i32 (...)* @_ssdm_op_SpecRegionBegin([11 x i8]* @p_str1820)

ST_5: stg_43 [1/1] 0.00ns
operator>>.exit.i:2  call void (...)* @_ssdm_op_SpecPipeline(i32 1, i32 1, i32 1, i32 0, [1 x i8]* @p_str1807) nounwind

ST_5: tmp_4 [1/1] 1.37ns
operator>>.exit.i:13  %tmp_4 = select i1 %tmp_i_43, i8 %tmp_6, i8 -1

ST_5: tmp_5 [1/1] 1.37ns
operator>>.exit.i:14  %tmp_5 = select i1 %tmp_i_43, i8 %tmp, i8 0

ST_5: tmp_21_i [1/1] 0.00ns
operator>>.exit.i:15  %tmp_21_i = call i32 (...)* @_ssdm_op_SpecRegionBegin([13 x i8]* @p_str1832)

ST_5: stg_47 [1/1] 0.00ns
operator>>.exit.i:16  call void (...)* @_ssdm_op_SpecProtocol(i32 0, [1 x i8]* @p_str1807) nounwind

ST_5: stg_48 [1/1] 2.92ns
operator>>.exit.i:17  call void @_ssdm_op_Write.ap_fifo.volatile.i8P(i8* %p_dst_data_stream_0_V, i8 %tmp_4)

ST_5: stg_49 [1/1] 2.92ns
operator>>.exit.i:18  call void @_ssdm_op_Write.ap_fifo.volatile.i8P(i8* %p_dst_data_stream_1_V, i8 %tmp_5)

ST_5: empty_44 [1/1] 0.00ns
operator>>.exit.i:19  %empty_44 = call i32 (...)* @_ssdm_op_SpecRegionEnd([13 x i8]* @p_str1832, i32 %tmp_21_i)

ST_5: empty_45 [1/1] 0.00ns
operator>>.exit.i:20  %empty_45 = call i32 (...)* @_ssdm_op_SpecRegionEnd([11 x i8]* @p_str1820, i32 %tmp_14_i)

ST_5: stg_52 [1/1] 0.00ns
operator>>.exit.i:21  br label %2


 <State 6>: 0.00ns
ST_6: empty_46 [1/1] 0.00ns
:0  %empty_46 = call i32 (...)* @_ssdm_op_SpecRegionEnd([12 x i8]* @p_str1819, i32 %tmp_i)

ST_6: stg_54 [1/1] 0.00ns
:1  br label %0



============================================================
+ Verbose Summary: Timing violations
============================================================
Target clock period: 6.67ns, clock uncertainty: 0.833ns.

 No timing violations. 


============================================================
+ Verbose Summary: Binding
============================================================
N/A
* FSMD analyzer results:
  - Output states:
 - Input state : 
  - Chain level:
	State 1
	State 2
	State 3
	State 4
	State 5
	State 6


============================================================
+ Verbose Summary: Datapath Resource usage 
============================================================
N/A
