

================================================================
== Vivado HLS Report for 'image_filter'
================================================================
* Date:           Wed Dec 14 21:09:57 2016

* Version:        2016.1 (Build 1538259 on Fri Apr 08 16:12:49 MDT 2016)
* Project:        prj
* Solution:       pynq_solution
* Product family: zynq
* Target device:  xc7z020clg400-1


================================================================
== Performance Estimates
================================================================
+ Timing (ns): 
    * Summary: 
    +--------+-------+----------+------------+
    |  Clock | Target| Estimated| Uncertainty|
    +--------+-------+----------+------------+
    |ap_clk  |   7.00|      6.22|        0.88|
    +--------+-------+----------+------------+

+ Latency (clock cycles): 
    * Summary: 
    +-----+---------+-----+---------+----------+
    |    Latency    |    Interval   | Pipeline |
    | min |   max   | min |   max   |   Type   |
    +-----+---------+-----+---------+----------+
    |  238|  2123562|  203|  2123558| dataflow |
    +-----+---------+-----+---------+----------+

    + Detail: 
        * Instance: 
        N/A

        * Loop: 
        N/A

============================================================
+ Verbose Summary: Synthesis Manager
============================================================
InlineROM: 1
ExposeGlobal: 0
============================================================
+ Verbose Summary: CDFG Model
============================================================
IsTopModel: 1
ResetActiveHigh: 1
IsCombinational: 2
IsDatapathOnly: 0
HasWiredReturn: 1
HasMFsm: 0
HasVarLatency: 1
IsPipeline: 0
IsRtlPipelined: 0
IsInstanceOverlapped: 0
IsDontTouch: 0
HasImplIP: 0
IsGatedGlobalClock: 0


============================================================
+ Verbose Summary: Schedule
============================================================
* Number of FSM states: 14
* Pipeline: 0
* Dataflow Pipeline: 1
  DF-Pipeline-0: Size = 14, States = { 1 2 3 4 5 6 7 8 9 10 11 12 13 14 }

* FSM state transitions: 
1 --> 
	2  / true
2 --> 
	3  / true
3 --> 
	4  / true
4 --> 
	5  / true
5 --> 
	6  / true
6 --> 
	7  / true
7 --> 
	8  / true
8 --> 
	9  / true
9 --> 
	10  / true
10 --> 
	11  / true
11 --> 
	12  / true
12 --> 
	13  / true
13 --> 
	14  / true
14 --> 
* FSM state operations: 

 <State 1>: 2.57ns
ST_1: cols_read [1/1] 1.00ns
Mat.exit12:18  %cols_read = call i32 @_ssdm_op_Read.ap_stable.i32(i32 %cols)

ST_1: rows_read [1/1] 1.00ns
Mat.exit12:19  %rows_read = call i32 @_ssdm_op_Read.ap_stable.i32(i32 %rows)

ST_1: img_0_data_stream_0_V [1/1] 0.00ns
Mat.exit12:20  %img_0_data_stream_0_V = alloca i8, align 1

ST_1: img_0_data_stream_1_V [1/1] 0.00ns
Mat.exit12:23  %img_0_data_stream_1_V = alloca i8, align 1

ST_1: img_1_data_stream_0_V [1/1] 0.00ns
Mat.exit12:26  %img_1_data_stream_0_V = alloca i8, align 1

ST_1: img_1_data_stream_1_V [1/1] 0.00ns
Mat.exit12:29  %img_1_data_stream_1_V = alloca i8, align 1

ST_1: img_1_data_stream_0_V_13 [1/1] 0.00ns
Mat.exit12:32  %img_1_data_stream_0_V_13 = alloca i8, align 1

ST_1: img_1_data_stream_1_V_15 [1/1] 0.00ns
Mat.exit12:35  %img_1_data_stream_1_V_15 = alloca i8, align 1

ST_1: img_1_Y_data_stream_0_V [1/1] 0.00ns
Mat.exit12:38  %img_1_Y_data_stream_0_V = alloca i8, align 1

ST_1: img_1_UV_data_stream_0_V [1/1] 0.00ns
Mat.exit12:41  %img_1_UV_data_stream_0_V = alloca i8, align 1

ST_1: img_2_data_stream_0_V [1/1] 0.00ns
Mat.exit12:44  %img_2_data_stream_0_V = alloca i8, align 1

ST_1: img_2_data_stream_1_V [1/1] 0.00ns
Mat.exit12:47  %img_2_data_stream_1_V = alloca i8, align 1

ST_1: mask_data_stream_0_V [1/1] 0.00ns
Mat.exit12:50  %mask_data_stream_0_V = alloca i8, align 1

ST_1: dmask_data_stream_0_V [1/1] 0.00ns
Mat.exit12:53  %dmask_data_stream_0_V = alloca i8, align 1

ST_1: tmp [1/1] 0.00ns
Mat.exit12:63  %tmp = trunc i32 %rows_read to i11

ST_1: tmp_1 [1/1] 0.00ns
Mat.exit12:64  %tmp_1 = trunc i32 %cols_read to i11

ST_1: stg_31 [2/2] 1.57ns
Mat.exit12:65  call fastcc void @image_filter_AXIvideo2Mat(i16* %INPUT_STREAM_V_data_V, i2* %INPUT_STREAM_V_keep_V, i2* %INPUT_STREAM_V_strb_V, i1* %INPUT_STREAM_V_user_V, i1* %INPUT_STREAM_V_last_V, i1* %INPUT_STREAM_V_id_V, i1* %INPUT_STREAM_V_dest_V, i11 %tmp, i11 %tmp_1, i8* %img_0_data_stream_0_V, i8* %img_0_data_stream_1_V)


 <State 2>: 0.00ns
ST_2: stg_32 [1/2] 0.00ns
Mat.exit12:65  call fastcc void @image_filter_AXIvideo2Mat(i16* %INPUT_STREAM_V_data_V, i2* %INPUT_STREAM_V_keep_V, i2* %INPUT_STREAM_V_strb_V, i1* %INPUT_STREAM_V_user_V, i1* %INPUT_STREAM_V_last_V, i1* %INPUT_STREAM_V_id_V, i1* %INPUT_STREAM_V_dest_V, i11 %tmp, i11 %tmp_1, i8* %img_0_data_stream_0_V, i8* %img_0_data_stream_1_V)


 <State 3>: 0.00ns
ST_3: stg_33 [2/2] 0.00ns
Mat.exit12:66  call fastcc void @image_filter_Duplicate(i11 %tmp, i11 %tmp_1, i8* %img_0_data_stream_0_V, i8* %img_0_data_stream_1_V, i8* %img_1_data_stream_0_V, i8* %img_1_data_stream_1_V, i8* %img_1_data_stream_0_V_13, i8* %img_1_data_stream_1_V_15)


 <State 4>: 0.00ns
ST_4: stg_34 [1/2] 0.00ns
Mat.exit12:66  call fastcc void @image_filter_Duplicate(i11 %tmp, i11 %tmp_1, i8* %img_0_data_stream_0_V, i8* %img_0_data_stream_1_V, i8* %img_1_data_stream_0_V, i8* %img_1_data_stream_1_V, i8* %img_1_data_stream_0_V_13, i8* %img_1_data_stream_1_V_15)


 <State 5>: 0.00ns
ST_5: stg_35 [2/2] 0.00ns
Mat.exit12:67  call fastcc void @"image_filter_Split<1080, 1920, 2048, 0>"(i11 %tmp, i11 %tmp_1, i8* %img_1_data_stream_0_V, i8* %img_1_data_stream_1_V, i8* %img_1_Y_data_stream_0_V, i8* %img_1_UV_data_stream_0_V)


 <State 6>: 0.00ns
ST_6: stg_36 [1/2] 0.00ns
Mat.exit12:67  call fastcc void @"image_filter_Split<1080, 1920, 2048, 0>"(i11 %tmp, i11 %tmp_1, i8* %img_1_data_stream_0_V, i8* %img_1_data_stream_1_V, i8* %img_1_Y_data_stream_0_V, i8* %img_1_UV_data_stream_0_V)


 <State 7>: 1.84ns
ST_7: stg_37 [2/2] 0.00ns
Mat.exit12:68  call fastcc void @"image_filter_Consume<1080, 1920, 0>"(i11 %tmp, i11 %tmp_1, i8* %img_1_UV_data_stream_0_V)

ST_7: stg_38 [2/2] 1.84ns
Mat.exit12:69  call fastcc void @image_filter_FAST_t_opr(i11 %tmp, i11 %tmp_1, i8* %img_1_Y_data_stream_0_V, i8* %mask_data_stream_0_V)


 <State 8>: 0.00ns
ST_8: stg_39 [1/2] 0.00ns
Mat.exit12:68  call fastcc void @"image_filter_Consume<1080, 1920, 0>"(i11 %tmp, i11 %tmp_1, i8* %img_1_UV_data_stream_0_V)

ST_8: stg_40 [1/2] 0.00ns
Mat.exit12:69  call fastcc void @image_filter_FAST_t_opr(i11 %tmp, i11 %tmp_1, i8* %img_1_Y_data_stream_0_V, i8* %mask_data_stream_0_V)


 <State 9>: 0.00ns
ST_9: stg_41 [2/2] 0.00ns
Mat.exit12:70  call fastcc void @"image_filter_Dilate<0, 0, 1080, 1920>"(i11 %tmp, i11 %tmp_1, i8* %mask_data_stream_0_V, i8* %dmask_data_stream_0_V)


 <State 10>: 0.00ns
ST_10: stg_42 [1/2] 0.00ns
Mat.exit12:70  call fastcc void @"image_filter_Dilate<0, 0, 1080, 1920>"(i11 %tmp, i11 %tmp_1, i8* %mask_data_stream_0_V, i8* %dmask_data_stream_0_V)


 <State 11>: 0.00ns
ST_11: stg_43 [2/2] 0.00ns
Mat.exit12:71  call fastcc void @"image_filter_PaintMask<2048, 0, 1080, 1920>"(i11 %tmp, i11 %tmp_1, i8* %img_1_data_stream_0_V_13, i8* %img_1_data_stream_1_V_15, i8* %dmask_data_stream_0_V, i8* %img_2_data_stream_0_V, i8* %img_2_data_stream_1_V)


 <State 12>: 0.00ns
ST_12: stg_44 [1/2] 0.00ns
Mat.exit12:71  call fastcc void @"image_filter_PaintMask<2048, 0, 1080, 1920>"(i11 %tmp, i11 %tmp_1, i8* %img_1_data_stream_0_V_13, i8* %img_1_data_stream_1_V_15, i8* %dmask_data_stream_0_V, i8* %img_2_data_stream_0_V, i8* %img_2_data_stream_1_V)


 <State 13>: 1.84ns
ST_13: stg_45 [2/2] 1.84ns
Mat.exit12:72  call fastcc void @image_filter_Mat2AXIvideo(i11 %tmp, i11 %tmp_1, i8* %img_2_data_stream_0_V, i8* %img_2_data_stream_1_V, i16* %OUTPUT_STREAM_V_data_V, i2* %OUTPUT_STREAM_V_keep_V, i2* %OUTPUT_STREAM_V_strb_V, i1* %OUTPUT_STREAM_V_user_V, i1* %OUTPUT_STREAM_V_last_V, i1* %OUTPUT_STREAM_V_id_V, i1* %OUTPUT_STREAM_V_dest_V)


 <State 14>: 3.06ns
ST_14: stg_46 [1/1] 0.00ns
Mat.exit12:0  call void (...)* @_ssdm_op_SpecDataflowPipeline(i32 -1, [1 x i8]* @p_str1807) nounwind

ST_14: stg_47 [1/1] 0.00ns
Mat.exit12:1  call void (...)* @_ssdm_op_SpecBitsMap(i16* %INPUT_STREAM_V_data_V), !map !289

ST_14: stg_48 [1/1] 0.00ns
Mat.exit12:2  call void (...)* @_ssdm_op_SpecBitsMap(i2* %INPUT_STREAM_V_keep_V), !map !293

ST_14: stg_49 [1/1] 0.00ns
Mat.exit12:3  call void (...)* @_ssdm_op_SpecBitsMap(i2* %INPUT_STREAM_V_strb_V), !map !297

ST_14: stg_50 [1/1] 0.00ns
Mat.exit12:4  call void (...)* @_ssdm_op_SpecBitsMap(i1* %INPUT_STREAM_V_user_V), !map !301

ST_14: stg_51 [1/1] 0.00ns
Mat.exit12:5  call void (...)* @_ssdm_op_SpecBitsMap(i1* %INPUT_STREAM_V_last_V), !map !305

ST_14: stg_52 [1/1] 0.00ns
Mat.exit12:6  call void (...)* @_ssdm_op_SpecBitsMap(i1* %INPUT_STREAM_V_id_V), !map !309

ST_14: stg_53 [1/1] 0.00ns
Mat.exit12:7  call void (...)* @_ssdm_op_SpecBitsMap(i1* %INPUT_STREAM_V_dest_V), !map !313

ST_14: stg_54 [1/1] 0.00ns
Mat.exit12:8  call void (...)* @_ssdm_op_SpecBitsMap(i16* %OUTPUT_STREAM_V_data_V), !map !317

ST_14: stg_55 [1/1] 0.00ns
Mat.exit12:9  call void (...)* @_ssdm_op_SpecBitsMap(i2* %OUTPUT_STREAM_V_keep_V), !map !321

ST_14: stg_56 [1/1] 0.00ns
Mat.exit12:10  call void (...)* @_ssdm_op_SpecBitsMap(i2* %OUTPUT_STREAM_V_strb_V), !map !325

ST_14: stg_57 [1/1] 0.00ns
Mat.exit12:11  call void (...)* @_ssdm_op_SpecBitsMap(i1* %OUTPUT_STREAM_V_user_V), !map !329

ST_14: stg_58 [1/1] 0.00ns
Mat.exit12:12  call void (...)* @_ssdm_op_SpecBitsMap(i1* %OUTPUT_STREAM_V_last_V), !map !333

ST_14: stg_59 [1/1] 0.00ns
Mat.exit12:13  call void (...)* @_ssdm_op_SpecBitsMap(i1* %OUTPUT_STREAM_V_id_V), !map !337

ST_14: stg_60 [1/1] 0.00ns
Mat.exit12:14  call void (...)* @_ssdm_op_SpecBitsMap(i1* %OUTPUT_STREAM_V_dest_V), !map !341

ST_14: stg_61 [1/1] 0.00ns
Mat.exit12:15  call void (...)* @_ssdm_op_SpecBitsMap(i32 %rows), !map !345

ST_14: stg_62 [1/1] 0.00ns
Mat.exit12:16  call void (...)* @_ssdm_op_SpecBitsMap(i32 %cols), !map !351

ST_14: stg_63 [1/1] 0.00ns
Mat.exit12:17  call void (...)* @_ssdm_op_SpecTopModule([13 x i8]* @image_filter_str) nounwind

ST_14: empty [1/1] 0.00ns
Mat.exit12:21  %empty = call i32 (...)* @_ssdm_op_SpecChannel([23 x i8]* @img_0_OC_data_stream_LF_0_NF_s, i32 1, [1 x i8]* @p_str, [1 x i8]* @p_str, i32 1, i32 1, i8* %img_0_data_stream_0_V, i8* %img_0_data_stream_0_V)

ST_14: stg_65 [1/1] 0.00ns
Mat.exit12:22  call void (...)* @_ssdm_op_SpecInterface(i8* %img_0_data_stream_0_V, [8 x i8]* @ap_fifo_str, i32 0, i32 0, i32 0, i32 0, [1 x i8]* @p_str, [1 x i8]* @p_str, [1 x i8]* @p_str, i32 2, i32 2, i32 16, i32 16, [1 x i8]* @p_str)

ST_14: empty_10 [1/1] 0.00ns
Mat.exit12:24  %empty_10 = call i32 (...)* @_ssdm_op_SpecChannel([23 x i8]* @img_0_OC_data_stream_LF_1_NF_s, i32 1, [1 x i8]* @p_str, [1 x i8]* @p_str, i32 1, i32 1, i8* %img_0_data_stream_1_V, i8* %img_0_data_stream_1_V)

ST_14: stg_67 [1/1] 0.00ns
Mat.exit12:25  call void (...)* @_ssdm_op_SpecInterface(i8* %img_0_data_stream_1_V, [8 x i8]* @ap_fifo_str, i32 0, i32 0, i32 0, i32 0, [1 x i8]* @p_str, [1 x i8]* @p_str, [1 x i8]* @p_str, i32 2, i32 2, i32 16, i32 16, [1 x i8]* @p_str)

ST_14: empty_11 [1/1] 0.00ns
Mat.exit12:27  %empty_11 = call i32 (...)* @_ssdm_op_SpecChannel([23 x i8]* @img_1_OC_data_stream_LF_0_NF_s_1, i32 1, [1 x i8]* @p_str, [1 x i8]* @p_str, i32 1, i32 1, i8* %img_1_data_stream_0_V, i8* %img_1_data_stream_0_V)

ST_14: stg_69 [1/1] 0.00ns
Mat.exit12:28  call void (...)* @_ssdm_op_SpecInterface(i8* %img_1_data_stream_0_V, [8 x i8]* @ap_fifo_str, i32 0, i32 0, i32 0, i32 0, [1 x i8]* @p_str, [1 x i8]* @p_str, [1 x i8]* @p_str, i32 2, i32 2, i32 16, i32 16, [1 x i8]* @p_str)

ST_14: empty_12 [1/1] 0.00ns
Mat.exit12:30  %empty_12 = call i32 (...)* @_ssdm_op_SpecChannel([23 x i8]* @img_1_OC_data_stream_LF_1_NF_s_0, i32 1, [1 x i8]* @p_str, [1 x i8]* @p_str, i32 1, i32 1, i8* %img_1_data_stream_1_V, i8* %img_1_data_stream_1_V)

ST_14: stg_71 [1/1] 0.00ns
Mat.exit12:31  call void (...)* @_ssdm_op_SpecInterface(i8* %img_1_data_stream_1_V, [8 x i8]* @ap_fifo_str, i32 0, i32 0, i32 0, i32 0, [1 x i8]* @p_str, [1 x i8]* @p_str, [1 x i8]* @p_str, i32 2, i32 2, i32 16, i32 16, [1 x i8]* @p_str)

ST_14: empty_14 [1/1] 0.00ns
Mat.exit12:33  %empty_14 = call i32 (...)* @_ssdm_op_SpecChannel([24 x i8]* @img_1_OC_data_stream_LF_0_NF_s, i32 1, [1 x i8]* @p_str, [1 x i8]* @p_str, i32 20000, i32 20000, i8* %img_1_data_stream_0_V_13, i8* %img_1_data_stream_0_V_13)

ST_14: stg_73 [1/1] 0.00ns
Mat.exit12:34  call void (...)* @_ssdm_op_SpecInterface(i8* %img_1_data_stream_0_V_13, [8 x i8]* @ap_fifo_str, i32 0, i32 0, i32 0, i32 0, [1 x i8]* @p_str, [1 x i8]* @p_str, [1 x i8]* @p_str, i32 2, i32 2, i32 16, i32 16, [1 x i8]* @p_str)

ST_14: empty_16 [1/1] 0.00ns
Mat.exit12:36  %empty_16 = call i32 (...)* @_ssdm_op_SpecChannel([24 x i8]* @img_1_OC_data_stream_LF_1_NF_s, i32 1, [1 x i8]* @p_str, [1 x i8]* @p_str, i32 20000, i32 20000, i8* %img_1_data_stream_1_V_15, i8* %img_1_data_stream_1_V_15)

ST_14: stg_75 [1/1] 0.00ns
Mat.exit12:37  call void (...)* @_ssdm_op_SpecInterface(i8* %img_1_data_stream_1_V_15, [8 x i8]* @ap_fifo_str, i32 0, i32 0, i32 0, i32 0, [1 x i8]* @p_str, [1 x i8]* @p_str, [1 x i8]* @p_str, i32 2, i32 2, i32 16, i32 16, [1 x i8]* @p_str)

ST_14: empty_17 [1/1] 0.00ns
Mat.exit12:39  %empty_17 = call i32 (...)* @_ssdm_op_SpecChannel([25 x i8]* @img_1_Y_OC_data_stream_LF_0_NF, i32 1, [1 x i8]* @p_str, [1 x i8]* @p_str, i32 1, i32 1, i8* %img_1_Y_data_stream_0_V, i8* %img_1_Y_data_stream_0_V)

ST_14: stg_77 [1/1] 0.00ns
Mat.exit12:40  call void (...)* @_ssdm_op_SpecInterface(i8* %img_1_Y_data_stream_0_V, [8 x i8]* @ap_fifo_str, i32 0, i32 0, i32 0, i32 0, [1 x i8]* @p_str, [1 x i8]* @p_str, [1 x i8]* @p_str, i32 2, i32 2, i32 16, i32 16, [1 x i8]* @p_str)

ST_14: empty_18 [1/1] 0.00ns
Mat.exit12:42  %empty_18 = call i32 (...)* @_ssdm_op_SpecChannel([26 x i8]* @img_1_UV_OC_data_stream_LF_0_N, i32 1, [1 x i8]* @p_str, [1 x i8]* @p_str, i32 1, i32 1, i8* %img_1_UV_data_stream_0_V, i8* %img_1_UV_data_stream_0_V)

ST_14: stg_79 [1/1] 0.00ns
Mat.exit12:43  call void (...)* @_ssdm_op_SpecInterface(i8* %img_1_UV_data_stream_0_V, [8 x i8]* @ap_fifo_str, i32 0, i32 0, i32 0, i32 0, [1 x i8]* @p_str, [1 x i8]* @p_str, [1 x i8]* @p_str, i32 2, i32 2, i32 16, i32 16, [1 x i8]* @p_str)

ST_14: empty_19 [1/1] 0.00ns
Mat.exit12:45  %empty_19 = call i32 (...)* @_ssdm_op_SpecChannel([23 x i8]* @img_2_OC_data_stream_LF_0_NF_s, i32 1, [1 x i8]* @p_str, [1 x i8]* @p_str, i32 1, i32 1, i8* %img_2_data_stream_0_V, i8* %img_2_data_stream_0_V)

ST_14: stg_81 [1/1] 0.00ns
Mat.exit12:46  call void (...)* @_ssdm_op_SpecInterface(i8* %img_2_data_stream_0_V, [8 x i8]* @ap_fifo_str, i32 0, i32 0, i32 0, i32 0, [1 x i8]* @p_str, [1 x i8]* @p_str, [1 x i8]* @p_str, i32 2, i32 2, i32 16, i32 16, [1 x i8]* @p_str)

ST_14: empty_20 [1/1] 0.00ns
Mat.exit12:48  %empty_20 = call i32 (...)* @_ssdm_op_SpecChannel([23 x i8]* @img_2_OC_data_stream_LF_1_NF_s, i32 1, [1 x i8]* @p_str, [1 x i8]* @p_str, i32 1, i32 1, i8* %img_2_data_stream_1_V, i8* %img_2_data_stream_1_V)

ST_14: stg_83 [1/1] 0.00ns
Mat.exit12:49  call void (...)* @_ssdm_op_SpecInterface(i8* %img_2_data_stream_1_V, [8 x i8]* @ap_fifo_str, i32 0, i32 0, i32 0, i32 0, [1 x i8]* @p_str, [1 x i8]* @p_str, [1 x i8]* @p_str, i32 2, i32 2, i32 16, i32 16, [1 x i8]* @p_str)

ST_14: empty_21 [1/1] 0.00ns
Mat.exit12:51  %empty_21 = call i32 (...)* @_ssdm_op_SpecChannel([22 x i8]* @mask_OC_data_stream_LF_0_NF_O, i32 1, [1 x i8]* @p_str, [1 x i8]* @p_str, i32 1, i32 1, i8* %mask_data_stream_0_V, i8* %mask_data_stream_0_V)

ST_14: stg_85 [1/1] 0.00ns
Mat.exit12:52  call void (...)* @_ssdm_op_SpecInterface(i8* %mask_data_stream_0_V, [8 x i8]* @ap_fifo_str, i32 0, i32 0, i32 0, i32 0, [1 x i8]* @p_str, [1 x i8]* @p_str, [1 x i8]* @p_str, i32 2, i32 2, i32 16, i32 16, [1 x i8]* @p_str)

ST_14: empty_22 [1/1] 0.00ns
Mat.exit12:54  %empty_22 = call i32 (...)* @_ssdm_op_SpecChannel([23 x i8]* @dmask_OC_data_stream_LF_0_NF_s, i32 1, [1 x i8]* @p_str, [1 x i8]* @p_str, i32 1, i32 1, i8* %dmask_data_stream_0_V, i8* %dmask_data_stream_0_V)

ST_14: stg_87 [1/1] 0.00ns
Mat.exit12:55  call void (...)* @_ssdm_op_SpecInterface(i8* %dmask_data_stream_0_V, [8 x i8]* @ap_fifo_str, i32 0, i32 0, i32 0, i32 0, [1 x i8]* @p_str, [1 x i8]* @p_str, [1 x i8]* @p_str, i32 2, i32 2, i32 16, i32 16, [1 x i8]* @p_str)

ST_14: stg_88 [1/1] 0.00ns
Mat.exit12:56  call void (...)* @_ssdm_op_SpecInterface(i16* %INPUT_STREAM_V_data_V, i2* %INPUT_STREAM_V_keep_V, i2* %INPUT_STREAM_V_strb_V, i1* %INPUT_STREAM_V_user_V, i1* %INPUT_STREAM_V_last_V, i1* %INPUT_STREAM_V_id_V, i1* %INPUT_STREAM_V_dest_V, [5 x i8]* @p_str1805, i32 0, i32 0, i32 0, i32 0, [13 x i8]* @p_str1806, [1 x i8]* @p_str1807, [1 x i8]* @p_str1807, i32 0, i32 0, i32 0, i32 0, [1 x i8]* @p_str1807) nounwind

ST_14: stg_89 [1/1] 0.00ns
Mat.exit12:57  call void (...)* @_ssdm_op_SpecInterface(i16* %OUTPUT_STREAM_V_data_V, i2* %OUTPUT_STREAM_V_keep_V, i2* %OUTPUT_STREAM_V_strb_V, i1* %OUTPUT_STREAM_V_user_V, i1* %OUTPUT_STREAM_V_last_V, i1* %OUTPUT_STREAM_V_id_V, i1* %OUTPUT_STREAM_V_dest_V, [5 x i8]* @p_str1805, i32 0, i32 0, i32 0, i32 0, [14 x i8]* @p_str1808, [1 x i8]* @p_str1807, [1 x i8]* @p_str1807, i32 0, i32 0, i32 0, i32 0, [1 x i8]* @p_str1807) nounwind

ST_14: stg_90 [1/1] 0.00ns
Mat.exit12:58  call void (...)* @_ssdm_op_SpecInterface(i32 %rows, [10 x i8]* @p_str1809, i32 0, i32 0, i32 0, i32 0, [12 x i8]* @p_str1810, [5 x i8]* @p_str1811, [1 x i8]* @p_str1807, i32 0, i32 0, i32 0, i32 0, [1 x i8]* @p_str1807) nounwind

ST_14: stg_91 [1/1] 0.00ns
Mat.exit12:59  call void (...)* @_ssdm_op_SpecInterface(i32 %cols, [10 x i8]* @p_str1809, i32 0, i32 0, i32 0, i32 0, [12 x i8]* @p_str1810, [5 x i8]* @p_str1812, [1 x i8]* @p_str1807, i32 0, i32 0, i32 0, i32 0, [1 x i8]* @p_str1807) nounwind

ST_14: stg_92 [1/1] 0.00ns
Mat.exit12:60  call void (...)* @_ssdm_op_SpecInterface(i32 0, [10 x i8]* @p_str1809, i32 0, i32 0, i32 0, i32 0, [12 x i8]* @p_str1810, [1 x i8]* @p_str1807, [1 x i8]* @p_str1807, i32 0, i32 0, i32 0, i32 0, [1 x i8]* @p_str1807) nounwind

ST_14: stg_93 [1/1] 0.00ns
Mat.exit12:61  call void (...)* @_ssdm_op_SpecInterface(i32 %rows, [10 x i8]* @p_str1813, i32 0, i32 0, i32 0, i32 0, [1 x i8]* @p_str1807, [1 x i8]* @p_str1807, [1 x i8]* @p_str1807, i32 0, i32 0, i32 0, i32 0, [1 x i8]* @p_str1807) nounwind

ST_14: stg_94 [1/1] 0.00ns
Mat.exit12:62  call void (...)* @_ssdm_op_SpecInterface(i32 %cols, [10 x i8]* @p_str1813, i32 0, i32 0, i32 0, i32 0, [1 x i8]* @p_str1807, [1 x i8]* @p_str1807, [1 x i8]* @p_str1807, i32 0, i32 0, i32 0, i32 0, [1 x i8]* @p_str1807) nounwind

ST_14: stg_95 [1/2] 3.06ns
Mat.exit12:72  call fastcc void @image_filter_Mat2AXIvideo(i11 %tmp, i11 %tmp_1, i8* %img_2_data_stream_0_V, i8* %img_2_data_stream_1_V, i16* %OUTPUT_STREAM_V_data_V, i2* %OUTPUT_STREAM_V_keep_V, i2* %OUTPUT_STREAM_V_strb_V, i1* %OUTPUT_STREAM_V_user_V, i1* %OUTPUT_STREAM_V_last_V, i1* %OUTPUT_STREAM_V_id_V, i1* %OUTPUT_STREAM_V_dest_V)

ST_14: stg_96 [1/1] 0.00ns
Mat.exit12:73  ret void



============================================================
+ Verbose Summary: Binding
============================================================
STG Binding: 
---------------- STG Properties BEGIN ----------------
- Is combinational: 0
- Is one-state seq: 0
- Is datapath-only: 0
- Is clock enabled: 0
- Is pipelined: 0
- Is top level: 1
Port [ Return ] is wired: 1; IO mode=ap_ctrl_hs:ce=0
Port [ video_in_V_data_V]:  wired=1; compound=1; hidden=0; nouse=0; global=0; static=0; extern=0; dir=0; type=0; pingpong=0; private_global=0; IO mode=axis:ce=0
Port [ video_in_V_keep_V]:  wired=1; compound=1; hidden=0; nouse=0; global=0; static=0; extern=0; dir=0; type=0; pingpong=0; private_global=0; IO mode=axis:ce=0
Port [ video_in_V_strb_V]:  wired=1; compound=1; hidden=0; nouse=0; global=0; static=0; extern=0; dir=0; type=0; pingpong=0; private_global=0; IO mode=axis:ce=0
Port [ video_in_V_user_V]:  wired=1; compound=1; hidden=0; nouse=0; global=0; static=0; extern=0; dir=0; type=0; pingpong=0; private_global=0; IO mode=axis:ce=0
Port [ video_in_V_last_V]:  wired=1; compound=1; hidden=0; nouse=0; global=0; static=0; extern=0; dir=0; type=0; pingpong=0; private_global=0; IO mode=axis:ce=0
Port [ video_in_V_id_V]:  wired=1; compound=1; hidden=0; nouse=0; global=0; static=0; extern=0; dir=0; type=0; pingpong=0; private_global=0; IO mode=axis:ce=0
Port [ video_in_V_dest_V]:  wired=1; compound=1; hidden=0; nouse=0; global=0; static=0; extern=0; dir=0; type=0; pingpong=0; private_global=0; IO mode=axis:ce=0
Port [ video_out_V_data_V]:  wired=1; compound=1; hidden=0; nouse=0; global=0; static=0; extern=0; dir=1; type=0; pingpong=0; private_global=0; IO mode=axis:ce=0
Port [ video_out_V_keep_V]:  wired=1; compound=1; hidden=0; nouse=0; global=0; static=0; extern=0; dir=1; type=0; pingpong=0; private_global=0; IO mode=axis:ce=0
Port [ video_out_V_strb_V]:  wired=1; compound=1; hidden=0; nouse=0; global=0; static=0; extern=0; dir=1; type=0; pingpong=0; private_global=0; IO mode=axis:ce=0
Port [ video_out_V_user_V]:  wired=1; compound=1; hidden=0; nouse=0; global=0; static=0; extern=0; dir=1; type=0; pingpong=0; private_global=0; IO mode=axis:ce=0
Port [ video_out_V_last_V]:  wired=1; compound=1; hidden=0; nouse=0; global=0; static=0; extern=0; dir=1; type=0; pingpong=0; private_global=0; IO mode=axis:ce=0
Port [ video_out_V_id_V]:  wired=1; compound=1; hidden=0; nouse=0; global=0; static=0; extern=0; dir=1; type=0; pingpong=0; private_global=0; IO mode=axis:ce=0
Port [ video_out_V_dest_V]:  wired=1; compound=1; hidden=0; nouse=0; global=0; static=0; extern=0; dir=1; type=0; pingpong=0; private_global=0; IO mode=axis:ce=0
Port [ rows]:  wired=1; compound=0; hidden=0; nouse=0; global=0; static=0; extern=0; dir=0; type=0; pingpong=0; private_global=0; IO mode=ap_stable:ce=0
Port [ cols]:  wired=1; compound=0; hidden=0; nouse=0; global=0; static=0; extern=0; dir=0; type=0; pingpong=0; private_global=0; IO mode=ap_stable:ce=0
---------------- STG Properties END ------------------

---------------- Datapath Model BEGIN ----------------

<LifeTime>
<method=bitvector/>
cols_read                (read                ) [ 000000000000000]
rows_read                (read                ) [ 000000000000000]
img_0_data_stream_0_V    (alloca              ) [ 011111111111111]
img_0_data_stream_1_V    (alloca              ) [ 011111111111111]
img_1_data_stream_0_V    (alloca              ) [ 001111111111111]
img_1_data_stream_1_V    (alloca              ) [ 001111111111111]
img_1_data_stream_0_V_13 (alloca              ) [ 001111111111111]
img_1_data_stream_1_V_15 (alloca              ) [ 001111111111111]
img_1_Y_data_stream_0_V  (alloca              ) [ 001111111111111]
img_1_UV_data_stream_0_V (alloca              ) [ 001111111111111]
img_2_data_stream_0_V    (alloca              ) [ 001111111111111]
img_2_data_stream_1_V    (alloca              ) [ 001111111111111]
mask_data_stream_0_V     (alloca              ) [ 001111111111111]
dmask_data_stream_0_V    (alloca              ) [ 001111111111111]
tmp                      (trunc               ) [ 001111111111111]
tmp_1                    (trunc               ) [ 001111111111111]
stg_32                   (call                ) [ 000000000000000]
stg_34                   (call                ) [ 000000000000000]
stg_36                   (call                ) [ 000000000000000]
stg_39                   (call                ) [ 000000000000000]
stg_40                   (call                ) [ 000000000000000]
stg_42                   (call                ) [ 000000000000000]
stg_44                   (call                ) [ 000000000000000]
stg_46                   (specdataflowpipeline) [ 000000000000000]
stg_47                   (specbitsmap         ) [ 000000000000000]
stg_48                   (specbitsmap         ) [ 000000000000000]
stg_49                   (specbitsmap         ) [ 000000000000000]
stg_50                   (specbitsmap         ) [ 000000000000000]
stg_51                   (specbitsmap         ) [ 000000000000000]
stg_52                   (specbitsmap         ) [ 000000000000000]
stg_53                   (specbitsmap         ) [ 000000000000000]
stg_54                   (specbitsmap         ) [ 000000000000000]
stg_55                   (specbitsmap         ) [ 000000000000000]
stg_56                   (specbitsmap         ) [ 000000000000000]
stg_57                   (specbitsmap         ) [ 000000000000000]
stg_58                   (specbitsmap         ) [ 000000000000000]
stg_59                   (specbitsmap         ) [ 000000000000000]
stg_60                   (specbitsmap         ) [ 000000000000000]
stg_61                   (specbitsmap         ) [ 000000000000000]
stg_62                   (specbitsmap         ) [ 000000000000000]
stg_63                   (spectopmodule       ) [ 000000000000000]
empty                    (specchannel         ) [ 000000000000000]
stg_65                   (specinterface       ) [ 000000000000000]
empty_10                 (specchannel         ) [ 000000000000000]
stg_67                   (specinterface       ) [ 000000000000000]
empty_11                 (specchannel         ) [ 000000000000000]
stg_69                   (specinterface       ) [ 000000000000000]
empty_12                 (specchannel         ) [ 000000000000000]
stg_71                   (specinterface       ) [ 000000000000000]
empty_14                 (specchannel         ) [ 000000000000000]
stg_73                   (specinterface       ) [ 000000000000000]
empty_16                 (specchannel         ) [ 000000000000000]
stg_75                   (specinterface       ) [ 000000000000000]
empty_17                 (specchannel         ) [ 000000000000000]
stg_77                   (specinterface       ) [ 000000000000000]
empty_18                 (specchannel         ) [ 000000000000000]
stg_79                   (specinterface       ) [ 000000000000000]
empty_19                 (specchannel         ) [ 000000000000000]
stg_81                   (specinterface       ) [ 000000000000000]
empty_20                 (specchannel         ) [ 000000000000000]
stg_83                   (specinterface       ) [ 000000000000000]
empty_21                 (specchannel         ) [ 000000000000000]
stg_85                   (specinterface       ) [ 000000000000000]
empty_22                 (specchannel         ) [ 000000000000000]
stg_87                   (specinterface       ) [ 000000000000000]
stg_88                   (specinterface       ) [ 000000000000000]
stg_89                   (specinterface       ) [ 000000000000000]
stg_90                   (specinterface       ) [ 000000000000000]
stg_91                   (specinterface       ) [ 000000000000000]
stg_92                   (specinterface       ) [ 000000000000000]
stg_93                   (specinterface       ) [ 000000000000000]
stg_94                   (specinterface       ) [ 000000000000000]
stg_95                   (call                ) [ 000000000000000]
stg_96                   (ret                 ) [ 000000000000000]
</LifeTime>

<model>

<comp_list>
<comp id="0" class="1000" name="video_in_V_data_V">
<pin_list>
<pin id="1" dir="1" index="0" bw="1" slack="0"/>
</pin_list>
<bind>
<StgValue><ssdm name="video_in_V_data_V"/></StgValue>
</bind>
</comp>

<comp id="2" class="1000" name="video_in_V_keep_V">
<pin_list>
<pin id="3" dir="1" index="0" bw="1" slack="0"/>
</pin_list>
<bind>
<StgValue><ssdm name="video_in_V_keep_V"/></StgValue>
</bind>
</comp>

<comp id="4" class="1000" name="video_in_V_strb_V">
<pin_list>
<pin id="5" dir="1" index="0" bw="1" slack="0"/>
</pin_list>
<bind>
<StgValue><ssdm name="video_in_V_strb_V"/></StgValue>
</bind>
</comp>

<comp id="6" class="1000" name="video_in_V_user_V">
<pin_list>
<pin id="7" dir="1" index="0" bw="1" slack="0"/>
</pin_list>
<bind>
<StgValue><ssdm name="video_in_V_user_V"/></StgValue>
</bind>
</comp>

<comp id="8" class="1000" name="video_in_V_last_V">
<pin_list>
<pin id="9" dir="1" index="0" bw="1" slack="0"/>
</pin_list>
<bind>
<StgValue><ssdm name="video_in_V_last_V"/></StgValue>
</bind>
</comp>

<comp id="10" class="1000" name="video_in_V_id_V">
<pin_list>
<pin id="11" dir="1" index="0" bw="1" slack="0"/>
</pin_list>
<bind>
<StgValue><ssdm name="video_in_V_id_V"/></StgValue>
</bind>
</comp>

<comp id="12" class="1000" name="video_in_V_dest_V">
<pin_list>
<pin id="13" dir="1" index="0" bw="1" slack="0"/>
</pin_list>
<bind>
<StgValue><ssdm name="video_in_V_dest_V"/></StgValue>
</bind>
</comp>

<comp id="14" class="1000" name="video_out_V_data_V">
<pin_list>
<pin id="15" dir="1" index="0" bw="1" slack="0"/>
</pin_list>
<bind>
<StgValue><ssdm name="video_out_V_data_V"/></StgValue>
</bind>
</comp>

<comp id="16" class="1000" name="video_out_V_keep_V">
<pin_list>
<pin id="17" dir="1" index="0" bw="1" slack="0"/>
</pin_list>
<bind>
<StgValue><ssdm name="video_out_V_keep_V"/></StgValue>
</bind>
</comp>

<comp id="18" class="1000" name="video_out_V_strb_V">
<pin_list>
<pin id="19" dir="1" index="0" bw="1" slack="0"/>
</pin_list>
<bind>
<StgValue><ssdm name="video_out_V_strb_V"/></StgValue>
</bind>
</comp>

<comp id="20" class="1000" name="video_out_V_user_V">
<pin_list>
<pin id="21" dir="1" index="0" bw="1" slack="0"/>
</pin_list>
<bind>
<StgValue><ssdm name="video_out_V_user_V"/></StgValue>
</bind>
</comp>

<comp id="22" class="1000" name="video_out_V_last_V">
<pin_list>
<pin id="23" dir="1" index="0" bw="1" slack="0"/>
</pin_list>
<bind>
<StgValue><ssdm name="video_out_V_last_V"/></StgValue>
</bind>
</comp>

<comp id="24" class="1000" name="video_out_V_id_V">
<pin_list>
<pin id="25" dir="1" index="0" bw="1" slack="0"/>
</pin_list>
<bind>
<StgValue><ssdm name="video_out_V_id_V"/></StgValue>
</bind>
</comp>

<comp id="26" class="1000" name="video_out_V_dest_V">
<pin_list>
<pin id="27" dir="1" index="0" bw="1" slack="0"/>
</pin_list>
<bind>
<StgValue><ssdm name="video_out_V_dest_V"/></StgValue>
</bind>
</comp>

<comp id="28" class="1000" name="rows">
<pin_list>
<pin id="29" dir="1" index="0" bw="1" slack="0"/>
</pin_list>
<bind>
<StgValue><ssdm name="rows"/></StgValue>
</bind>
</comp>

<comp id="30" class="1000" name="cols">
<pin_list>
<pin id="31" dir="1" index="0" bw="1" slack="0"/>
</pin_list>
<bind>
<StgValue><ssdm name="cols"/></StgValue>
</bind>
</comp>

<comp id="32" class="1001" name="const_32">
<pin_list>
<pin id="33" dir="1" index="0" bw="1" slack="0"/>
</pin_list>
<bind>
<StgValue><ssdm name="_ssdm_op_Read.ap_stable.i32"/></StgValue>
</bind>
</comp>

<comp id="34" class="1001" name="const_34">
<pin_list>
<pin id="35" dir="1" index="0" bw="1" slack="0"/>
</pin_list>
<bind>
<StgValue><ssdm name=""/></StgValue>
</bind>
</comp>

<comp id="36" class="1001" name="const_36">
<pin_list>
<pin id="37" dir="1" index="0" bw="1" slack="0"/>
</pin_list>
<bind>
<StgValue><ssdm name="image_filter_AXIvideo2Mat"/></StgValue>
</bind>
</comp>

<comp id="38" class="1001" name="const_38">
<pin_list>
<pin id="39" dir="1" index="0" bw="1" slack="0"/>
</pin_list>
<bind>
<StgValue><ssdm name="image_filter_Duplicate"/></StgValue>
</bind>
</comp>

<comp id="40" class="1001" name="const_40">
<pin_list>
<pin id="41" dir="1" index="0" bw="1" slack="0"/>
</pin_list>
<bind>
<StgValue><ssdm name="image_filter_Split<1080, 1920, 2048, 0>"/></StgValue>
</bind>
</comp>

<comp id="42" class="1001" name="const_42">
<pin_list>
<pin id="43" dir="1" index="0" bw="1" slack="0"/>
</pin_list>
<bind>
<StgValue><ssdm name="image_filter_Consume<1080, 1920, 0>"/></StgValue>
</bind>
</comp>

<comp id="44" class="1001" name="const_44">
<pin_list>
<pin id="45" dir="1" index="0" bw="1" slack="0"/>
</pin_list>
<bind>
<StgValue><ssdm name="image_filter_FAST_t_opr"/></StgValue>
</bind>
</comp>

<comp id="46" class="1001" name="const_46">
<pin_list>
<pin id="47" dir="1" index="0" bw="1" slack="0"/>
</pin_list>
<bind>
<StgValue><ssdm name="image_filter_Dilate<0, 0, 1080, 1920>"/></StgValue>
</bind>
</comp>

<comp id="48" class="1001" name="const_48">
<pin_list>
<pin id="49" dir="1" index="0" bw="1" slack="0"/>
</pin_list>
<bind>
<StgValue><ssdm name="image_filter_PaintMask<2048, 0, 1080, 1920>"/></StgValue>
</bind>
</comp>

<comp id="50" class="1001" name="const_50">
<pin_list>
<pin id="51" dir="1" index="0" bw="1" slack="0"/>
</pin_list>
<bind>
<StgValue><ssdm name="image_filter_Mat2AXIvideo"/></StgValue>
</bind>
</comp>

<comp id="52" class="1001" name="const_52">
<pin_list>
<pin id="53" dir="1" index="0" bw="1" slack="2147483647"/>
</pin_list>
<bind>
<StgValue><ssdm name="_ssdm_op_SpecDataflowPipeline"/></StgValue>
</bind>
</comp>

<comp id="54" class="1001" name="const_54">
<pin_list>
<pin id="55" dir="1" index="0" bw="1" slack="2147483647"/>
</pin_list>
<bind>
<StgValue><ssdm name=""/></StgValue>
</bind>
</comp>

<comp id="56" class="1001" name="const_56">
<pin_list>
<pin id="57" dir="1" index="0" bw="1" slack="2147483647"/>
</pin_list>
<bind>
<StgValue><ssdm name="p_str1807"/></StgValue>
</bind>
</comp>

<comp id="58" class="1001" name="const_58">
<pin_list>
<pin id="59" dir="1" index="0" bw="1" slack="2147483647"/>
</pin_list>
<bind>
<StgValue><ssdm name="_ssdm_op_SpecBitsMap"/></StgValue>
</bind>
</comp>

<comp id="60" class="1001" name="const_60">
<pin_list>
<pin id="61" dir="1" index="0" bw="1" slack="2147483647"/>
</pin_list>
<bind>
<StgValue><ssdm name="_ssdm_op_SpecTopModule"/></StgValue>
</bind>
</comp>

<comp id="62" class="1001" name="const_62">
<pin_list>
<pin id="63" dir="1" index="0" bw="1" slack="2147483647"/>
</pin_list>
<bind>
<StgValue><ssdm name="image_filter_str"/></StgValue>
</bind>
</comp>

<comp id="64" class="1001" name="const_64">
<pin_list>
<pin id="65" dir="1" index="0" bw="1" slack="2147483647"/>
</pin_list>
<bind>
<StgValue><ssdm name="_ssdm_op_SpecChannel"/></StgValue>
</bind>
</comp>

<comp id="66" class="1001" name="const_66">
<pin_list>
<pin id="67" dir="1" index="0" bw="1" slack="2147483647"/>
</pin_list>
<bind>
<StgValue><ssdm name="img_0_OC_data_stream_LF_0_NF_s"/></StgValue>
</bind>
</comp>

<comp id="68" class="1001" name="const_68">
<pin_list>
<pin id="69" dir="1" index="0" bw="1" slack="2147483647"/>
</pin_list>
<bind>
<StgValue><ssdm name=""/></StgValue>
</bind>
</comp>

<comp id="70" class="1001" name="const_70">
<pin_list>
<pin id="71" dir="1" index="0" bw="1" slack="2147483647"/>
</pin_list>
<bind>
<StgValue><ssdm name="p_str"/></StgValue>
</bind>
</comp>

<comp id="72" class="1001" name="const_72">
<pin_list>
<pin id="73" dir="1" index="0" bw="1" slack="2147483647"/>
</pin_list>
<bind>
<StgValue><ssdm name="_ssdm_op_SpecInterface"/></StgValue>
</bind>
</comp>

<comp id="74" class="1001" name="const_74">
<pin_list>
<pin id="75" dir="1" index="0" bw="1" slack="2147483647"/>
</pin_list>
<bind>
<StgValue><ssdm name="ap_fifo_str"/></StgValue>
</bind>
</comp>

<comp id="76" class="1001" name="const_76">
<pin_list>
<pin id="77" dir="1" index="0" bw="1" slack="2147483647"/>
</pin_list>
<bind>
<StgValue><ssdm name=""/></StgValue>
</bind>
</comp>

<comp id="78" class="1001" name="const_78">
<pin_list>
<pin id="79" dir="1" index="0" bw="1" slack="2147483647"/>
</pin_list>
<bind>
<StgValue><ssdm name=""/></StgValue>
</bind>
</comp>

<comp id="80" class="1001" name="const_80">
<pin_list>
<pin id="81" dir="1" index="0" bw="1" slack="2147483647"/>
</pin_list>
<bind>
<StgValue><ssdm name=""/></StgValue>
</bind>
</comp>

<comp id="82" class="1001" name="const_82">
<pin_list>
<pin id="83" dir="1" index="0" bw="1" slack="2147483647"/>
</pin_list>
<bind>
<StgValue><ssdm name="img_0_OC_data_stream_LF_1_NF_s"/></StgValue>
</bind>
</comp>

<comp id="84" class="1001" name="const_84">
<pin_list>
<pin id="85" dir="1" index="0" bw="1" slack="2147483647"/>
</pin_list>
<bind>
<StgValue><ssdm name="img_1_OC_data_stream_LF_0_NF_s_1"/></StgValue>
</bind>
</comp>

<comp id="86" class="1001" name="const_86">
<pin_list>
<pin id="87" dir="1" index="0" bw="1" slack="2147483647"/>
</pin_list>
<bind>
<StgValue><ssdm name="img_1_OC_data_stream_LF_1_NF_s_0"/></StgValue>
</bind>
</comp>

<comp id="88" class="1001" name="const_88">
<pin_list>
<pin id="89" dir="1" index="0" bw="1" slack="2147483647"/>
</pin_list>
<bind>
<StgValue><ssdm name="img_1_OC_data_stream_LF_0_NF_s"/></StgValue>
</bind>
</comp>

<comp id="90" class="1001" name="const_90">
<pin_list>
<pin id="91" dir="1" index="0" bw="1" slack="2147483647"/>
</pin_list>
<bind>
<StgValue><ssdm name=""/></StgValue>
</bind>
</comp>

<comp id="92" class="1001" name="const_92">
<pin_list>
<pin id="93" dir="1" index="0" bw="1" slack="2147483647"/>
</pin_list>
<bind>
<StgValue><ssdm name="img_1_OC_data_stream_LF_1_NF_s"/></StgValue>
</bind>
</comp>

<comp id="94" class="1001" name="const_94">
<pin_list>
<pin id="95" dir="1" index="0" bw="1" slack="2147483647"/>
</pin_list>
<bind>
<StgValue><ssdm name="img_1_Y_OC_data_stream_LF_0_NF"/></StgValue>
</bind>
</comp>

<comp id="96" class="1001" name="const_96">
<pin_list>
<pin id="97" dir="1" index="0" bw="1" slack="2147483647"/>
</pin_list>
<bind>
<StgValue><ssdm name="img_1_UV_OC_data_stream_LF_0_N"/></StgValue>
</bind>
</comp>

<comp id="98" class="1001" name="const_98">
<pin_list>
<pin id="99" dir="1" index="0" bw="1" slack="2147483647"/>
</pin_list>
<bind>
<StgValue><ssdm name="img_2_OC_data_stream_LF_0_NF_s"/></StgValue>
</bind>
</comp>

<comp id="100" class="1001" name="const_100">
<pin_list>
<pin id="101" dir="1" index="0" bw="1" slack="2147483647"/>
</pin_list>
<bind>
<StgValue><ssdm name="img_2_OC_data_stream_LF_1_NF_s"/></StgValue>
</bind>
</comp>

<comp id="102" class="1001" name="const_102">
<pin_list>
<pin id="103" dir="1" index="0" bw="1" slack="2147483647"/>
</pin_list>
<bind>
<StgValue><ssdm name="mask_OC_data_stream_LF_0_NF_O"/></StgValue>
</bind>
</comp>

<comp id="104" class="1001" name="const_104">
<pin_list>
<pin id="105" dir="1" index="0" bw="1" slack="2147483647"/>
</pin_list>
<bind>
<StgValue><ssdm name="dmask_OC_data_stream_LF_0_NF_s"/></StgValue>
</bind>
</comp>

<comp id="106" class="1001" name="const_106">
<pin_list>
<pin id="107" dir="1" index="0" bw="1" slack="2147483647"/>
</pin_list>
<bind>
<StgValue><ssdm name="p_str1805"/></StgValue>
</bind>
</comp>

<comp id="108" class="1001" name="const_108">
<pin_list>
<pin id="109" dir="1" index="0" bw="1" slack="2147483647"/>
</pin_list>
<bind>
<StgValue><ssdm name="p_str1806"/></StgValue>
</bind>
</comp>

<comp id="110" class="1001" name="const_110">
<pin_list>
<pin id="111" dir="1" index="0" bw="1" slack="2147483647"/>
</pin_list>
<bind>
<StgValue><ssdm name="p_str1808"/></StgValue>
</bind>
</comp>

<comp id="112" class="1001" name="const_112">
<pin_list>
<pin id="113" dir="1" index="0" bw="1" slack="2147483647"/>
</pin_list>
<bind>
<StgValue><ssdm name="p_str1809"/></StgValue>
</bind>
</comp>

<comp id="114" class="1001" name="const_114">
<pin_list>
<pin id="115" dir="1" index="0" bw="1" slack="2147483647"/>
</pin_list>
<bind>
<StgValue><ssdm name="p_str1810"/></StgValue>
</bind>
</comp>

<comp id="116" class="1001" name="const_116">
<pin_list>
<pin id="117" dir="1" index="0" bw="1" slack="2147483647"/>
</pin_list>
<bind>
<StgValue><ssdm name="p_str1811"/></StgValue>
</bind>
</comp>

<comp id="118" class="1001" name="const_118">
<pin_list>
<pin id="119" dir="1" index="0" bw="1" slack="2147483647"/>
</pin_list>
<bind>
<StgValue><ssdm name="p_str1812"/></StgValue>
</bind>
</comp>

<comp id="120" class="1001" name="const_120">
<pin_list>
<pin id="121" dir="1" index="0" bw="1" slack="2147483647"/>
</pin_list>
<bind>
<StgValue><ssdm name="p_str1813"/></StgValue>
</bind>
</comp>

<comp id="122" class="1004" name="img_0_data_stream_0_V_fu_122">
<pin_list>
<pin id="123" dir="0" index="0" bw="1" slack="0"/>
<pin id="124" dir="1" index="1" bw="8" slack="0"/>
</pin_list>
<bind>
<opcode="alloca(26) " fcode="alloca"/>
<opset="img_0_data_stream_0_V/1 "/>
</bind>
</comp>

<comp id="126" class="1004" name="img_0_data_stream_1_V_fu_126">
<pin_list>
<pin id="127" dir="0" index="0" bw="1" slack="0"/>
<pin id="128" dir="1" index="1" bw="8" slack="0"/>
</pin_list>
<bind>
<opcode="alloca(26) " fcode="alloca"/>
<opset="img_0_data_stream_1_V/1 "/>
</bind>
</comp>

<comp id="130" class="1004" name="img_1_data_stream_0_V_fu_130">
<pin_list>
<pin id="131" dir="0" index="0" bw="1" slack="0"/>
<pin id="132" dir="1" index="1" bw="8" slack="2"/>
</pin_list>
<bind>
<opcode="alloca(26) " fcode="alloca"/>
<opset="img_1_data_stream_0_V/1 "/>
</bind>
</comp>

<comp id="134" class="1004" name="img_1_data_stream_1_V_fu_134">
<pin_list>
<pin id="135" dir="0" index="0" bw="1" slack="0"/>
<pin id="136" dir="1" index="1" bw="8" slack="2"/>
</pin_list>
<bind>
<opcode="alloca(26) " fcode="alloca"/>
<opset="img_1_data_stream_1_V/1 "/>
</bind>
</comp>

<comp id="138" class="1004" name="img_1_data_stream_0_V_13_fu_138">
<pin_list>
<pin id="139" dir="0" index="0" bw="1" slack="0"/>
<pin id="140" dir="1" index="1" bw="8" slack="2"/>
</pin_list>
<bind>
<opcode="alloca(26) " fcode="alloca"/>
<opset="img_1_data_stream_0_V_13/1 "/>
</bind>
</comp>

<comp id="142" class="1004" name="img_1_data_stream_1_V_15_fu_142">
<pin_list>
<pin id="143" dir="0" index="0" bw="1" slack="0"/>
<pin id="144" dir="1" index="1" bw="8" slack="2"/>
</pin_list>
<bind>
<opcode="alloca(26) " fcode="alloca"/>
<opset="img_1_data_stream_1_V_15/1 "/>
</bind>
</comp>

<comp id="146" class="1004" name="img_1_Y_data_stream_0_V_fu_146">
<pin_list>
<pin id="147" dir="0" index="0" bw="1" slack="0"/>
<pin id="148" dir="1" index="1" bw="8" slack="4"/>
</pin_list>
<bind>
<opcode="alloca(26) " fcode="alloca"/>
<opset="img_1_Y_data_stream_0_V/1 "/>
</bind>
</comp>

<comp id="150" class="1004" name="img_1_UV_data_stream_0_V_fu_150">
<pin_list>
<pin id="151" dir="0" index="0" bw="1" slack="0"/>
<pin id="152" dir="1" index="1" bw="8" slack="4"/>
</pin_list>
<bind>
<opcode="alloca(26) " fcode="alloca"/>
<opset="img_1_UV_data_stream_0_V/1 "/>
</bind>
</comp>

<comp id="154" class="1004" name="img_2_data_stream_0_V_fu_154">
<pin_list>
<pin id="155" dir="0" index="0" bw="1" slack="0"/>
<pin id="156" dir="1" index="1" bw="8" slack="10"/>
</pin_list>
<bind>
<opcode="alloca(26) " fcode="alloca"/>
<opset="img_2_data_stream_0_V/1 "/>
</bind>
</comp>

<comp id="158" class="1004" name="img_2_data_stream_1_V_fu_158">
<pin_list>
<pin id="159" dir="0" index="0" bw="1" slack="0"/>
<pin id="160" dir="1" index="1" bw="8" slack="10"/>
</pin_list>
<bind>
<opcode="alloca(26) " fcode="alloca"/>
<opset="img_2_data_stream_1_V/1 "/>
</bind>
</comp>

<comp id="162" class="1004" name="mask_data_stream_0_V_fu_162">
<pin_list>
<pin id="163" dir="0" index="0" bw="1" slack="0"/>
<pin id="164" dir="1" index="1" bw="8" slack="6"/>
</pin_list>
<bind>
<opcode="alloca(26) " fcode="alloca"/>
<opset="mask_data_stream_0_V/1 "/>
</bind>
</comp>

<comp id="166" class="1004" name="dmask_data_stream_0_V_fu_166">
<pin_list>
<pin id="167" dir="0" index="0" bw="1" slack="0"/>
<pin id="168" dir="1" index="1" bw="8" slack="8"/>
</pin_list>
<bind>
<opcode="alloca(26) " fcode="alloca"/>
<opset="dmask_data_stream_0_V/1 "/>
</bind>
</comp>

<comp id="170" class="1004" name="cols_read_read_fu_170">
<pin_list>
<pin id="171" dir="0" index="0" bw="32" slack="0"/>
<pin id="172" dir="0" index="1" bw="32" slack="0"/>
<pin id="173" dir="1" index="2" bw="32" slack="0"/>
</pin_list>
<bind>
<opcode="read(1150) " fcode="read"/>
<opset="cols_read/1 "/>
</bind>
</comp>

<comp id="176" class="1004" name="rows_read_read_fu_176">
<pin_list>
<pin id="177" dir="0" index="0" bw="32" slack="0"/>
<pin id="178" dir="0" index="1" bw="32" slack="0"/>
<pin id="179" dir="1" index="2" bw="32" slack="0"/>
</pin_list>
<bind>
<opcode="read(1150) " fcode="read"/>
<opset="rows_read/1 "/>
</bind>
</comp>

<comp id="182" class="1004" name="grp_image_filter_FAST_t_opr_fu_182">
<pin_list>
<pin id="183" dir="0" index="0" bw="0" slack="0"/>
<pin id="184" dir="0" index="1" bw="11" slack="6"/>
<pin id="185" dir="0" index="2" bw="11" slack="6"/>
<pin id="186" dir="0" index="3" bw="8" slack="6"/>
<pin id="187" dir="0" index="4" bw="8" slack="6"/>
<pin id="188" dir="1" index="5" bw="0" slack="2147483647"/>
</pin_list>
<bind>
<opcode="call(48) " fcode="call"/>
<opset="stg_38/7 "/>
</bind>
</comp>

<comp id="190" class="1004" name="grp_image_filter_Dilate_0_0_1080_1920_s_fu_190">
<pin_list>
<pin id="191" dir="0" index="0" bw="0" slack="0"/>
<pin id="192" dir="0" index="1" bw="11" slack="8"/>
<pin id="193" dir="0" index="2" bw="11" slack="8"/>
<pin id="194" dir="0" index="3" bw="8" slack="8"/>
<pin id="195" dir="0" index="4" bw="8" slack="8"/>
<pin id="196" dir="1" index="5" bw="0" slack="2147483647"/>
</pin_list>
<bind>
<opcode="call(48) " fcode="call"/>
<opset="stg_41/9 "/>
</bind>
</comp>

<comp id="198" class="1004" name="grp_image_filter_AXIvideo2Mat_fu_198">
<pin_list>
<pin id="199" dir="0" index="0" bw="0" slack="0"/>
<pin id="200" dir="0" index="1" bw="16" slack="0"/>
<pin id="201" dir="0" index="2" bw="2" slack="0"/>
<pin id="202" dir="0" index="3" bw="2" slack="0"/>
<pin id="203" dir="0" index="4" bw="1" slack="0"/>
<pin id="204" dir="0" index="5" bw="1" slack="0"/>
<pin id="205" dir="0" index="6" bw="1" slack="0"/>
<pin id="206" dir="0" index="7" bw="1" slack="0"/>
<pin id="207" dir="0" index="8" bw="11" slack="0"/>
<pin id="208" dir="0" index="9" bw="11" slack="0"/>
<pin id="209" dir="0" index="10" bw="8" slack="0"/>
<pin id="210" dir="0" index="11" bw="8" slack="0"/>
<pin id="211" dir="1" index="12" bw="0" slack="2147483647"/>
</pin_list>
<bind>
<opcode="call(48) " fcode="call"/>
<opset="stg_31/1 "/>
</bind>
</comp>

<comp id="220" class="1004" name="grp_image_filter_PaintMask_2048_0_1080_1920_s_fu_220">
<pin_list>
<pin id="221" dir="0" index="0" bw="0" slack="0"/>
<pin id="222" dir="0" index="1" bw="11" slack="10"/>
<pin id="223" dir="0" index="2" bw="11" slack="10"/>
<pin id="224" dir="0" index="3" bw="8" slack="10"/>
<pin id="225" dir="0" index="4" bw="8" slack="10"/>
<pin id="226" dir="0" index="5" bw="8" slack="10"/>
<pin id="227" dir="0" index="6" bw="8" slack="10"/>
<pin id="228" dir="0" index="7" bw="8" slack="10"/>
<pin id="229" dir="1" index="8" bw="0" slack="2147483647"/>
</pin_list>
<bind>
<opcode="call(48) " fcode="call"/>
<opset="stg_43/11 "/>
</bind>
</comp>

<comp id="231" class="1004" name="grp_image_filter_Mat2AXIvideo_fu_231">
<pin_list>
<pin id="232" dir="0" index="0" bw="0" slack="0"/>
<pin id="233" dir="0" index="1" bw="11" slack="12"/>
<pin id="234" dir="0" index="2" bw="11" slack="12"/>
<pin id="235" dir="0" index="3" bw="8" slack="12"/>
<pin id="236" dir="0" index="4" bw="8" slack="12"/>
<pin id="237" dir="0" index="5" bw="16" slack="0"/>
<pin id="238" dir="0" index="6" bw="2" slack="0"/>
<pin id="239" dir="0" index="7" bw="2" slack="0"/>
<pin id="240" dir="0" index="8" bw="1" slack="0"/>
<pin id="241" dir="0" index="9" bw="1" slack="0"/>
<pin id="242" dir="0" index="10" bw="1" slack="0"/>
<pin id="243" dir="0" index="11" bw="1" slack="0"/>
<pin id="244" dir="1" index="12" bw="0" slack="2147483647"/>
</pin_list>
<bind>
<opcode="call(48) " fcode="call"/>
<opset="stg_45/13 "/>
</bind>
</comp>

<comp id="253" class="1004" name="grp_image_filter_Duplicate_fu_253">
<pin_list>
<pin id="254" dir="0" index="0" bw="0" slack="0"/>
<pin id="255" dir="0" index="1" bw="11" slack="2"/>
<pin id="256" dir="0" index="2" bw="11" slack="2"/>
<pin id="257" dir="0" index="3" bw="8" slack="2"/>
<pin id="258" dir="0" index="4" bw="8" slack="2"/>
<pin id="259" dir="0" index="5" bw="8" slack="2"/>
<pin id="260" dir="0" index="6" bw="8" slack="2"/>
<pin id="261" dir="0" index="7" bw="8" slack="2"/>
<pin id="262" dir="0" index="8" bw="8" slack="2"/>
<pin id="263" dir="1" index="9" bw="0" slack="2147483647"/>
</pin_list>
<bind>
<opcode="call(48) " fcode="call"/>
<opset="stg_33/3 "/>
</bind>
</comp>

<comp id="265" class="1004" name="grp_image_filter_Split_1080_1920_2048_0_s_fu_265">
<pin_list>
<pin id="266" dir="0" index="0" bw="0" slack="0"/>
<pin id="267" dir="0" index="1" bw="11" slack="4"/>
<pin id="268" dir="0" index="2" bw="11" slack="4"/>
<pin id="269" dir="0" index="3" bw="8" slack="4"/>
<pin id="270" dir="0" index="4" bw="8" slack="4"/>
<pin id="271" dir="0" index="5" bw="8" slack="4"/>
<pin id="272" dir="0" index="6" bw="8" slack="4"/>
<pin id="273" dir="1" index="7" bw="0" slack="2147483647"/>
</pin_list>
<bind>
<opcode="call(48) " fcode="call"/>
<opset="stg_35/5 "/>
</bind>
</comp>

<comp id="275" class="1004" name="grp_image_filter_Consume_1080_1920_0_s_fu_275">
<pin_list>
<pin id="276" dir="0" index="0" bw="0" slack="0"/>
<pin id="277" dir="0" index="1" bw="11" slack="6"/>
<pin id="278" dir="0" index="2" bw="11" slack="6"/>
<pin id="279" dir="0" index="3" bw="8" slack="6"/>
<pin id="280" dir="1" index="4" bw="0" slack="2147483647"/>
</pin_list>
<bind>
<opcode="call(48) " fcode="call"/>
<opset="stg_37/7 "/>
</bind>
</comp>

<comp id="282" class="1004" name="tmp_fu_282">
<pin_list>
<pin id="283" dir="0" index="0" bw="32" slack="0"/>
<pin id="284" dir="1" index="1" bw="11" slack="0"/>
</pin_list>
<bind>
<opcode="trunc(33) " fcode="trunc"/>
<opset="tmp/1 "/>
</bind>
</comp>

<comp id="287" class="1004" name="tmp_1_fu_287">
<pin_list>
<pin id="288" dir="0" index="0" bw="32" slack="0"/>
<pin id="289" dir="1" index="1" bw="11" slack="0"/>
</pin_list>
<bind>
<opcode="trunc(33) " fcode="trunc"/>
<opset="tmp_1/1 "/>
</bind>
</comp>

<comp id="292" class="1005" name="img_0_data_stream_0_V_reg_292">
<pin_list>
<pin id="293" dir="0" index="0" bw="8" slack="0"/>
<pin id="294" dir="1" index="1" bw="8" slack="0"/>
</pin_list>
<bind>
<opset="img_0_data_stream_0_V "/>
</bind>
</comp>

<comp id="298" class="1005" name="img_0_data_stream_1_V_reg_298">
<pin_list>
<pin id="299" dir="0" index="0" bw="8" slack="0"/>
<pin id="300" dir="1" index="1" bw="8" slack="0"/>
</pin_list>
<bind>
<opset="img_0_data_stream_1_V "/>
</bind>
</comp>

<comp id="304" class="1005" name="img_1_data_stream_0_V_reg_304">
<pin_list>
<pin id="305" dir="0" index="0" bw="8" slack="2"/>
<pin id="306" dir="1" index="1" bw="8" slack="2"/>
</pin_list>
<bind>
<opset="img_1_data_stream_0_V "/>
</bind>
</comp>

<comp id="310" class="1005" name="img_1_data_stream_1_V_reg_310">
<pin_list>
<pin id="311" dir="0" index="0" bw="8" slack="2"/>
<pin id="312" dir="1" index="1" bw="8" slack="2"/>
</pin_list>
<bind>
<opset="img_1_data_stream_1_V "/>
</bind>
</comp>

<comp id="316" class="1005" name="img_1_data_stream_0_V_13_reg_316">
<pin_list>
<pin id="317" dir="0" index="0" bw="8" slack="2"/>
<pin id="318" dir="1" index="1" bw="8" slack="2"/>
</pin_list>
<bind>
<opset="img_1_data_stream_0_V_13 "/>
</bind>
</comp>

<comp id="322" class="1005" name="img_1_data_stream_1_V_15_reg_322">
<pin_list>
<pin id="323" dir="0" index="0" bw="8" slack="2"/>
<pin id="324" dir="1" index="1" bw="8" slack="2"/>
</pin_list>
<bind>
<opset="img_1_data_stream_1_V_15 "/>
</bind>
</comp>

<comp id="328" class="1005" name="img_1_Y_data_stream_0_V_reg_328">
<pin_list>
<pin id="329" dir="0" index="0" bw="8" slack="4"/>
<pin id="330" dir="1" index="1" bw="8" slack="4"/>
</pin_list>
<bind>
<opset="img_1_Y_data_stream_0_V "/>
</bind>
</comp>

<comp id="334" class="1005" name="img_1_UV_data_stream_0_V_reg_334">
<pin_list>
<pin id="335" dir="0" index="0" bw="8" slack="4"/>
<pin id="336" dir="1" index="1" bw="8" slack="4"/>
</pin_list>
<bind>
<opset="img_1_UV_data_stream_0_V "/>
</bind>
</comp>

<comp id="340" class="1005" name="img_2_data_stream_0_V_reg_340">
<pin_list>
<pin id="341" dir="0" index="0" bw="8" slack="10"/>
<pin id="342" dir="1" index="1" bw="8" slack="10"/>
</pin_list>
<bind>
<opset="img_2_data_stream_0_V "/>
</bind>
</comp>

<comp id="346" class="1005" name="img_2_data_stream_1_V_reg_346">
<pin_list>
<pin id="347" dir="0" index="0" bw="8" slack="10"/>
<pin id="348" dir="1" index="1" bw="8" slack="10"/>
</pin_list>
<bind>
<opset="img_2_data_stream_1_V "/>
</bind>
</comp>

<comp id="352" class="1005" name="mask_data_stream_0_V_reg_352">
<pin_list>
<pin id="353" dir="0" index="0" bw="8" slack="6"/>
<pin id="354" dir="1" index="1" bw="8" slack="6"/>
</pin_list>
<bind>
<opset="mask_data_stream_0_V "/>
</bind>
</comp>

<comp id="358" class="1005" name="dmask_data_stream_0_V_reg_358">
<pin_list>
<pin id="359" dir="0" index="0" bw="8" slack="8"/>
<pin id="360" dir="1" index="1" bw="8" slack="8"/>
</pin_list>
<bind>
<opset="dmask_data_stream_0_V "/>
</bind>
</comp>

<comp id="364" class="1005" name="tmp_reg_364">
<pin_list>
<pin id="365" dir="0" index="0" bw="11" slack="1"/>
<pin id="366" dir="1" index="1" bw="11" slack="1"/>
</pin_list>
<bind>
<opset="tmp "/>
</bind>
</comp>

<comp id="376" class="1005" name="tmp_1_reg_376">
<pin_list>
<pin id="377" dir="0" index="0" bw="11" slack="1"/>
<pin id="378" dir="1" index="1" bw="11" slack="1"/>
</pin_list>
<bind>
<opset="tmp_1 "/>
</bind>
</comp>

</comp_list>

<net_list>
<net id="125"><net_src comp="34" pin="0"/><net_sink comp="122" pin=0"/></net>

<net id="129"><net_src comp="34" pin="0"/><net_sink comp="126" pin=0"/></net>

<net id="133"><net_src comp="34" pin="0"/><net_sink comp="130" pin=0"/></net>

<net id="137"><net_src comp="34" pin="0"/><net_sink comp="134" pin=0"/></net>

<net id="141"><net_src comp="34" pin="0"/><net_sink comp="138" pin=0"/></net>

<net id="145"><net_src comp="34" pin="0"/><net_sink comp="142" pin=0"/></net>

<net id="149"><net_src comp="34" pin="0"/><net_sink comp="146" pin=0"/></net>

<net id="153"><net_src comp="34" pin="0"/><net_sink comp="150" pin=0"/></net>

<net id="157"><net_src comp="34" pin="0"/><net_sink comp="154" pin=0"/></net>

<net id="161"><net_src comp="34" pin="0"/><net_sink comp="158" pin=0"/></net>

<net id="165"><net_src comp="34" pin="0"/><net_sink comp="162" pin=0"/></net>

<net id="169"><net_src comp="34" pin="0"/><net_sink comp="166" pin=0"/></net>

<net id="174"><net_src comp="32" pin="0"/><net_sink comp="170" pin=0"/></net>

<net id="175"><net_src comp="30" pin="0"/><net_sink comp="170" pin=1"/></net>

<net id="180"><net_src comp="32" pin="0"/><net_sink comp="176" pin=0"/></net>

<net id="181"><net_src comp="28" pin="0"/><net_sink comp="176" pin=1"/></net>

<net id="189"><net_src comp="44" pin="0"/><net_sink comp="182" pin=0"/></net>

<net id="197"><net_src comp="46" pin="0"/><net_sink comp="190" pin=0"/></net>

<net id="212"><net_src comp="36" pin="0"/><net_sink comp="198" pin=0"/></net>

<net id="213"><net_src comp="0" pin="0"/><net_sink comp="198" pin=1"/></net>

<net id="214"><net_src comp="2" pin="0"/><net_sink comp="198" pin=2"/></net>

<net id="215"><net_src comp="4" pin="0"/><net_sink comp="198" pin=3"/></net>

<net id="216"><net_src comp="6" pin="0"/><net_sink comp="198" pin=4"/></net>

<net id="217"><net_src comp="8" pin="0"/><net_sink comp="198" pin=5"/></net>

<net id="218"><net_src comp="10" pin="0"/><net_sink comp="198" pin=6"/></net>

<net id="219"><net_src comp="12" pin="0"/><net_sink comp="198" pin=7"/></net>

<net id="230"><net_src comp="48" pin="0"/><net_sink comp="220" pin=0"/></net>

<net id="245"><net_src comp="50" pin="0"/><net_sink comp="231" pin=0"/></net>

<net id="246"><net_src comp="14" pin="0"/><net_sink comp="231" pin=5"/></net>

<net id="247"><net_src comp="16" pin="0"/><net_sink comp="231" pin=6"/></net>

<net id="248"><net_src comp="18" pin="0"/><net_sink comp="231" pin=7"/></net>

<net id="249"><net_src comp="20" pin="0"/><net_sink comp="231" pin=8"/></net>

<net id="250"><net_src comp="22" pin="0"/><net_sink comp="231" pin=9"/></net>

<net id="251"><net_src comp="24" pin="0"/><net_sink comp="231" pin=10"/></net>

<net id="252"><net_src comp="26" pin="0"/><net_sink comp="231" pin=11"/></net>

<net id="264"><net_src comp="38" pin="0"/><net_sink comp="253" pin=0"/></net>

<net id="274"><net_src comp="40" pin="0"/><net_sink comp="265" pin=0"/></net>

<net id="281"><net_src comp="42" pin="0"/><net_sink comp="275" pin=0"/></net>

<net id="285"><net_src comp="176" pin="2"/><net_sink comp="282" pin=0"/></net>

<net id="286"><net_src comp="282" pin="1"/><net_sink comp="198" pin=8"/></net>

<net id="290"><net_src comp="170" pin="2"/><net_sink comp="287" pin=0"/></net>

<net id="291"><net_src comp="287" pin="1"/><net_sink comp="198" pin=9"/></net>

<net id="295"><net_src comp="122" pin="1"/><net_sink comp="292" pin=0"/></net>

<net id="296"><net_src comp="292" pin="1"/><net_sink comp="198" pin=10"/></net>

<net id="297"><net_src comp="292" pin="1"/><net_sink comp="253" pin=3"/></net>

<net id="301"><net_src comp="126" pin="1"/><net_sink comp="298" pin=0"/></net>

<net id="302"><net_src comp="298" pin="1"/><net_sink comp="198" pin=11"/></net>

<net id="303"><net_src comp="298" pin="1"/><net_sink comp="253" pin=4"/></net>

<net id="307"><net_src comp="130" pin="1"/><net_sink comp="304" pin=0"/></net>

<net id="308"><net_src comp="304" pin="1"/><net_sink comp="253" pin=5"/></net>

<net id="309"><net_src comp="304" pin="1"/><net_sink comp="265" pin=3"/></net>

<net id="313"><net_src comp="134" pin="1"/><net_sink comp="310" pin=0"/></net>

<net id="314"><net_src comp="310" pin="1"/><net_sink comp="253" pin=6"/></net>

<net id="315"><net_src comp="310" pin="1"/><net_sink comp="265" pin=4"/></net>

<net id="319"><net_src comp="138" pin="1"/><net_sink comp="316" pin=0"/></net>

<net id="320"><net_src comp="316" pin="1"/><net_sink comp="253" pin=7"/></net>

<net id="321"><net_src comp="316" pin="1"/><net_sink comp="220" pin=3"/></net>

<net id="325"><net_src comp="142" pin="1"/><net_sink comp="322" pin=0"/></net>

<net id="326"><net_src comp="322" pin="1"/><net_sink comp="253" pin=8"/></net>

<net id="327"><net_src comp="322" pin="1"/><net_sink comp="220" pin=4"/></net>

<net id="331"><net_src comp="146" pin="1"/><net_sink comp="328" pin=0"/></net>

<net id="332"><net_src comp="328" pin="1"/><net_sink comp="265" pin=5"/></net>

<net id="333"><net_src comp="328" pin="1"/><net_sink comp="182" pin=3"/></net>

<net id="337"><net_src comp="150" pin="1"/><net_sink comp="334" pin=0"/></net>

<net id="338"><net_src comp="334" pin="1"/><net_sink comp="265" pin=6"/></net>

<net id="339"><net_src comp="334" pin="1"/><net_sink comp="275" pin=3"/></net>

<net id="343"><net_src comp="154" pin="1"/><net_sink comp="340" pin=0"/></net>

<net id="344"><net_src comp="340" pin="1"/><net_sink comp="220" pin=6"/></net>

<net id="345"><net_src comp="340" pin="1"/><net_sink comp="231" pin=3"/></net>

<net id="349"><net_src comp="158" pin="1"/><net_sink comp="346" pin=0"/></net>

<net id="350"><net_src comp="346" pin="1"/><net_sink comp="220" pin=7"/></net>

<net id="351"><net_src comp="346" pin="1"/><net_sink comp="231" pin=4"/></net>

<net id="355"><net_src comp="162" pin="1"/><net_sink comp="352" pin=0"/></net>

<net id="356"><net_src comp="352" pin="1"/><net_sink comp="182" pin=4"/></net>

<net id="357"><net_src comp="352" pin="1"/><net_sink comp="190" pin=3"/></net>

<net id="361"><net_src comp="166" pin="1"/><net_sink comp="358" pin=0"/></net>

<net id="362"><net_src comp="358" pin="1"/><net_sink comp="190" pin=4"/></net>

<net id="363"><net_src comp="358" pin="1"/><net_sink comp="220" pin=5"/></net>

<net id="367"><net_src comp="282" pin="1"/><net_sink comp="364" pin=0"/></net>

<net id="368"><net_src comp="364" pin="1"/><net_sink comp="198" pin=8"/></net>

<net id="369"><net_src comp="364" pin="1"/><net_sink comp="253" pin=1"/></net>

<net id="370"><net_src comp="364" pin="1"/><net_sink comp="265" pin=1"/></net>

<net id="371"><net_src comp="364" pin="1"/><net_sink comp="275" pin=1"/></net>

<net id="372"><net_src comp="364" pin="1"/><net_sink comp="182" pin=1"/></net>

<net id="373"><net_src comp="364" pin="1"/><net_sink comp="190" pin=1"/></net>

<net id="374"><net_src comp="364" pin="1"/><net_sink comp="220" pin=1"/></net>

<net id="375"><net_src comp="364" pin="1"/><net_sink comp="231" pin=1"/></net>

<net id="379"><net_src comp="287" pin="1"/><net_sink comp="376" pin=0"/></net>

<net id="380"><net_src comp="376" pin="1"/><net_sink comp="198" pin=9"/></net>

<net id="381"><net_src comp="376" pin="1"/><net_sink comp="253" pin=2"/></net>

<net id="382"><net_src comp="376" pin="1"/><net_sink comp="265" pin=2"/></net>

<net id="383"><net_src comp="376" pin="1"/><net_sink comp="275" pin=2"/></net>

<net id="384"><net_src comp="376" pin="1"/><net_sink comp="182" pin=2"/></net>

<net id="385"><net_src comp="376" pin="1"/><net_sink comp="190" pin=2"/></net>

<net id="386"><net_src comp="376" pin="1"/><net_sink comp="220" pin=2"/></net>

<net id="387"><net_src comp="376" pin="1"/><net_sink comp="231" pin=2"/></net>

</net_list>

</model> 
---------------- Datapath Model END ------------------

* FSMD analyzer results:
  - Output states:
	Port: video_out_V_data_V | {13 14 }
	Port: video_out_V_keep_V | {13 14 }
	Port: video_out_V_strb_V | {13 14 }
	Port: video_out_V_user_V | {13 14 }
	Port: video_out_V_last_V | {13 14 }
	Port: video_out_V_id_V | {13 14 }
	Port: video_out_V_dest_V | {13 14 }
 - Input state : 
	Port: image_filter : video_in_V_data_V | {1 2 }
	Port: image_filter : video_in_V_keep_V | {1 2 }
	Port: image_filter : video_in_V_strb_V | {1 2 }
	Port: image_filter : video_in_V_user_V | {1 2 }
	Port: image_filter : video_in_V_last_V | {1 2 }
	Port: image_filter : video_in_V_id_V | {1 2 }
	Port: image_filter : video_in_V_dest_V | {1 2 }
	Port: image_filter : rows | {1 }
	Port: image_filter : cols | {1 }
  - Chain level:
	State 1
		stg_31 : 1
	State 2
	State 3
	State 4
	State 5
	State 6
	State 7
	State 8
	State 9
	State 10
	State 11
	State 12
	State 13
	State 14


============================================================
+ Verbose Summary: Datapath Resource usage 
============================================================

* Functional unit list:
|----------|------------------------------------------------------|---------|---------|---------|---------|
| Operation|                    Functional Unit                   |   BRAM  |  Delay  |    FF   |   LUT   |
|----------|------------------------------------------------------|---------|---------|---------|---------|
|          |          grp_image_filter_FAST_t_opr_fu_182          |    8    |  14.139 |   5095  |   4469  |
|          |    grp_image_filter_Dilate_0_0_1080_1920_s_fu_190    |    3    |  7.855  |   383   |   437   |
|          |         grp_image_filter_AXIvideo2Mat_fu_198         |    0    |  1.571  |   190   |    32   |
|   call   | grp_image_filter_PaintMask_2048_0_1080_1920_s_fu_220 |    0    |    0    |    85   |    49   |
|          |         grp_image_filter_Mat2AXIvideo_fu_231         |    0    |    0    |    81   |    45   |
|          |           grp_image_filter_Duplicate_fu_253          |    0    |    0    |    68   |    30   |
|          |   grp_image_filter_Split_1080_1920_2048_0_s_fu_265   |    0    |    0    |    68   |    30   |
|          |     grp_image_filter_Consume_1080_1920_0_s_fu_275    |    0    |    0    |    68   |    30   |
|----------|------------------------------------------------------|---------|---------|---------|---------|
|   read   |                 cols_read_read_fu_170                |    0    |    0    |    0    |    0    |
|          |                 rows_read_read_fu_176                |    0    |    0    |    0    |    0    |
|----------|------------------------------------------------------|---------|---------|---------|---------|
|   trunc  |                      tmp_fu_282                      |    0    |    0    |    0    |    0    |
|          |                     tmp_1_fu_287                     |    0    |    0    |    0    |    0    |
|----------|------------------------------------------------------|---------|---------|---------|---------|
|   Total  |                                                      |    11   |  23.565 |   6038  |   5122  |
|----------|------------------------------------------------------|---------|---------|---------|---------|

Memories:
N/A

* Register list:
+--------------------------------+--------+
|                                |   FF   |
+--------------------------------+--------+
|  dmask_data_stream_0_V_reg_358 |    8   |
|  img_0_data_stream_0_V_reg_292 |    8   |
|  img_0_data_stream_1_V_reg_298 |    8   |
|img_1_UV_data_stream_0_V_reg_334|    8   |
| img_1_Y_data_stream_0_V_reg_328|    8   |
|img_1_data_stream_0_V_13_reg_316|    8   |
|  img_1_data_stream_0_V_reg_304 |    8   |
|img_1_data_stream_1_V_15_reg_322|    8   |
|  img_1_data_stream_1_V_reg_310 |    8   |
|  img_2_data_stream_0_V_reg_340 |    8   |
|  img_2_data_stream_1_V_reg_346 |    8   |
|  mask_data_stream_0_V_reg_352  |    8   |
|          tmp_1_reg_376         |   11   |
|           tmp_reg_364          |   11   |
+--------------------------------+--------+
|              Total             |   118  |
+--------------------------------+--------+

* Multiplexer (MUX) list: 
|--------------------------------------|------|------|------|--------||---------||---------|
|                 Comp                 |  Pin | Size |  BW  | S x BW ||  Delay  ||   LUT   |
|--------------------------------------|------|------|------|--------||---------||---------|
| grp_image_filter_AXIvideo2Mat_fu_198 |  p8  |   2  |  11  |   22   ||    11   |
| grp_image_filter_AXIvideo2Mat_fu_198 |  p9  |   2  |  11  |   22   ||    11   |
|--------------------------------------|------|------|------|--------||---------||---------|
|                 Total                |      |      |      |   44   ||  3.142  ||    22   |
|--------------------------------------|------|------|------|--------||---------||---------|



* Summary:
+-----------+--------+--------+--------+--------+
|           |  BRAM  |  Delay |   FF   |   LUT  |
+-----------+--------+--------+--------+--------+
|  Function |   11   |   23   |  6038  |  5122  |
|   Memory  |    -   |    -   |    -   |    -   |
|Multiplexer|    -   |    3   |    -   |   22   |
|  Register |    -   |    -   |   118  |    -   |
+-----------+--------+--------+--------+--------+
|   Total   |   11   |   26   |  6156  |  5144  |
+-----------+--------+--------+--------+--------+
