

================================================================
== Vivado HLS Report for 'image_filter_Consume_1080_1920_0_s'
================================================================
* Date:           Tue Dec 13 04:46:26 2016

* Version:        2016.1 (Build 1538259 on Fri Apr 08 16:12:49 MDT 2016)
* Project:        prj
* Solution:       pynq_solution
* Product family: zynq
* Target device:  xc7z020clg400-1


================================================================
== Performance Estimates
================================================================
+ Timing (ns): 
    * Summary: 
    +--------+-------+----------+------------+
    |  Clock | Target| Estimated| Uncertainty|
    +--------+-------+----------+------------+
    |ap_clk  |   7.00|      3.48|        0.88|
    +--------+-------+----------+------------+

+ Latency (clock cycles): 
    * Summary: 
    +-----+---------+-----+---------+---------+
    |    Latency    |    Interval   | Pipeline|
    | min |   max   | min |   max   |   Type  |
    +-----+---------+-----+---------+---------+
    |    1|  2076841|    1|  2076841|   none  |
    +-----+---------+-----+---------+---------+

    + Detail: 
        * Instance: 
        N/A

        * Loop: 
        +---------------+-----+---------+----------+-----------+-----------+----------+----------+
        |               |    Latency    | Iteration|  Initiation Interval  |   Trip   |          |
        |   Loop Name   | min |   max   |  Latency |  achieved |   target  |   Count  | Pipelined|
        +---------------+-----+---------+----------+-----------+-----------+----------+----------+
        |- loop_height  |    0|  2076840| 3 ~ 1923 |          -|          -| 0 ~ 1080 |    no    |
        | + loop_width  |    0|     1920|         2|          1|          1| 0 ~ 1920 |    yes   |
        +---------------+-----+---------+----------+-----------+-----------+----------+----------+

============================================================
+ Verbose Summary: Synthesis Manager
============================================================
InlineROM: 1
ExposeGlobal: 0
============================================================
+ Verbose Summary: CDFG Model
============================================================
IsTopModel: 0
ResetActiveHigh: 1
IsCombinational: 2
IsDatapathOnly: 0
HasWiredReturn: 1
HasMFsm: 0
HasVarLatency: 1
IsPipeline: 0
IsRtlPipelined: 0
IsInstanceOverlapped: 0
IsDontTouch: 0
HasImplIP: 0
IsGatedGlobalClock: 0

+ Individual pipeline summary: 
  * Pipeline-0: initiation interval (II) = 1, depth = 2


============================================================
+ Verbose Summary: Schedule
============================================================
* Number of FSM states: 5
* Pipeline: 1
  Pipeline-0: II = 1, D = 2, States = { 3 4 }
* Dataflow Pipeline: 0

* FSM state transitions: 
1 --> 
	2  / true
2 --> 
	3  / (!exitcond2_i)
3 --> 
	5  / (exitcond_i)
	4  / (!exitcond_i)
4 --> 
	3  / true
5 --> 
	2  / true
* FSM state operations: 

 <State 1>: 1.57ns
ST_1: stg_6 [1/1] 0.00ns
entry:0  call void (...)* @_ssdm_op_SpecInterface(i8* %src_data_stream_V, [8 x i8]* @ap_fifo_str, i32 0, i32 0, i32 0, i32 0, [1 x i8]* @p_str, [1 x i8]* @p_str, [1 x i8]* @p_str, i32 2, i32 2, i32 16, i32 16, [1 x i8]* @p_str)

ST_1: cols_read [1/1] 0.00ns
entry:1  %cols_read = call i11 @_ssdm_op_Read.ap_stable.i11(i11 %cols)

ST_1: rows_read [1/1] 0.00ns
entry:2  %rows_read = call i11 @_ssdm_op_Read.ap_stable.i11(i11 %rows)

ST_1: stg_9 [1/1] 0.00ns
entry:3  call void (...)* @_ssdm_op_SpecInterface(i11 %cols, [10 x i8]* @ap_stable_str, i32 0, i32 0, i32 0, i32 0, [1 x i8]* @p_str, [1 x i8]* @p_str, [1 x i8]* @p_str, i32 2, i32 2, i32 16, i32 16, [1 x i8]* @p_str)

ST_1: stg_10 [1/1] 0.00ns
entry:4  call void (...)* @_ssdm_op_SpecInterface(i11 %rows, [10 x i8]* @ap_stable_str, i32 0, i32 0, i32 0, i32 0, [1 x i8]* @p_str, [1 x i8]* @p_str, [1 x i8]* @p_str, i32 2, i32 2, i32 16, i32 16, [1 x i8]* @p_str)

ST_1: stg_11 [1/1] 1.57ns
entry:5  br label %0


 <State 2>: 3.48ns
ST_2: p_i [1/1] 0.00ns
:0  %p_i = phi i11 [ 0, %entry ], [ %i_V, %4 ]

ST_2: exitcond2_i [1/1] 2.11ns
:1  %exitcond2_i = icmp eq i11 %p_i, %rows_read

ST_2: stg_14 [1/1] 0.00ns
:2  call void (...)* @_ssdm_op_SpecLoopTripCount(i64 0, i64 1080, i64 0)

ST_2: i_V [1/1] 1.84ns
:3  %i_V = add i11 %p_i, 1

ST_2: stg_16 [1/1] 0.00ns
:4  br i1 %exitcond2_i, label %"Consume<1080, 1920, 0>.exit", label %1

ST_2: stg_17 [1/1] 0.00ns
:0  call void (...)* @_ssdm_op_SpecLoopName([12 x i8]* @p_str1819) nounwind

ST_2: tmp_i [1/1] 0.00ns
:1  %tmp_i = call i32 (...)* @_ssdm_op_SpecRegionBegin([12 x i8]* @p_str1819)

ST_2: stg_19 [1/1] 1.57ns
:2  br label %2

ST_2: stg_20 [1/1] 0.00ns
Consume<1080, 1920, 0>.exit:0  ret void


 <State 3>: 2.11ns
ST_3: p_7_i [1/1] 0.00ns
:0  %p_7_i = phi i11 [ 0, %1 ], [ %j_V, %3 ]

ST_3: exitcond_i [1/1] 2.11ns
:1  %exitcond_i = icmp eq i11 %p_7_i, %cols_read

ST_3: stg_23 [1/1] 0.00ns
:2  call void (...)* @_ssdm_op_SpecLoopTripCount(i64 0, i64 1920, i64 0)

ST_3: j_V [1/1] 1.84ns
:3  %j_V = add i11 %p_7_i, 1

ST_3: stg_25 [1/1] 0.00ns
:4  br i1 %exitcond_i, label %4, label %3


 <State 4>: 3.06ns
ST_4: stg_26 [1/1] 0.00ns
:0  call void (...)* @_ssdm_op_SpecLoopName([11 x i8]* @p_str1820) nounwind

ST_4: tmp_88_i [1/1] 0.00ns
:1  %tmp_88_i = call i32 (...)* @_ssdm_op_SpecRegionBegin([11 x i8]* @p_str1820)

ST_4: stg_28 [1/1] 0.00ns
:2  call void (...)* @_ssdm_op_SpecPipeline(i32 1, i32 1, i32 1, i32 0, [1 x i8]* @p_str1807) nounwind

ST_4: tmp_89_i [1/1] 0.00ns
:3  %tmp_89_i = call i32 (...)* @_ssdm_op_SpecRegionBegin([13 x i8]* @p_str1834)

ST_4: stg_30 [1/1] 0.00ns
:4  call void (...)* @_ssdm_op_SpecProtocol(i32 0, [1 x i8]* @p_str1807) nounwind

ST_4: tmp_0 [1/1] 3.06ns
:5  %tmp_0 = call i8 @_ssdm_op_Read.ap_fifo.volatile.i8P(i8* %src_data_stream_V)

ST_4: empty [1/1] 0.00ns
:6  %empty = call i32 (...)* @_ssdm_op_SpecRegionEnd([13 x i8]* @p_str1834, i32 %tmp_89_i)

ST_4: empty_61 [1/1] 0.00ns
:7  %empty_61 = call i32 (...)* @_ssdm_op_SpecRegionEnd([11 x i8]* @p_str1820, i32 %tmp_88_i)

ST_4: stg_34 [1/1] 0.00ns
:8  br label %2


 <State 5>: 0.00ns
ST_5: empty_62 [1/1] 0.00ns
:0  %empty_62 = call i32 (...)* @_ssdm_op_SpecRegionEnd([12 x i8]* @p_str1819, i32 %tmp_i)

ST_5: stg_36 [1/1] 0.00ns
:1  br label %0



============================================================
+ Verbose Summary: Timing violations
============================================================
Target clock period: 7ns, clock uncertainty: 0.875ns.

 No timing violations. 


============================================================
+ Verbose Summary: Binding
============================================================
N/A
* FSMD analyzer results:
  - Output states:
 - Input state : 
  - Chain level:
	State 1
	State 2
	State 3
	State 4
	State 5


============================================================
+ Verbose Summary: Datapath Resource usage 
============================================================
N/A
