

================================================================
== Vivado HLS Report for 'image_filter'
================================================================
* Date:           Tue Dec 13 04:46:34 2016

* Version:        2016.1 (Build 1538259 on Fri Apr 08 16:12:49 MDT 2016)
* Project:        prj
* Solution:       pynq_solution
* Product family: zynq
* Target device:  xc7z020clg400-1


================================================================
== Performance Estimates
================================================================
+ Timing (ns): 
    * Summary: 
    +--------+-------+----------+------------+
    |  Clock | Target| Estimated| Uncertainty|
    +--------+-------+----------+------------+
    |ap_clk  |   7.00|      6.22|        0.88|
    +--------+-------+----------+------------+

+ Latency (clock cycles): 
    * Summary: 
    +-----+---------+-----+---------+----------+
    |    Latency    |    Interval   | Pipeline |
    | min |   max   | min |   max   |   Type   |
    +-----+---------+-----+---------+----------+
    |  238|  2123562|  203|  2123558| dataflow |
    +-----+---------+-----+---------+----------+

    + Detail: 
        * Instance: 
        +------------------------------------------------------+-------------------------------------------+-----+---------+-----+---------+---------+
        |                                                      |                                           |    Latency    |    Interval   | Pipeline|
        |                       Instance                       |                   Module                  | min |   max   | min |   max   |   Type  |
        +------------------------------------------------------+-------------------------------------------+-----+---------+-----+---------+---------+
        |grp_image_filter_AXIvideo2Mat_fu_198                  |image_filter_AXIvideo2Mat                  |    3|  2077923|    3|  2077923|   none  |
        |grp_image_filter_Duplicate_fu_253                     |image_filter_Duplicate                     |    1|  2076841|    1|  2076841|   none  |
        |grp_image_filter_Split_1080_1920_2048_0_s_fu_265      |image_filter_Split_1080_1920_2048_0_s      |    1|  2076841|    1|  2076841|   none  |
        |grp_image_filter_Consume_1080_1920_0_s_fu_275         |image_filter_Consume_1080_1920_0_s         |    1|  2076841|    1|  2076841|   none  |
        |grp_image_filter_FAST_t_opr_fu_182                    |image_filter_FAST_t_opr                    |  157|  2123557|  157|  2123557|   none  |
        |grp_image_filter_Dilate_0_0_1080_1920_s_fu_190        |image_filter_Dilate_0_0_1080_1920_s        |  202|  2090426|  202|  2090426|   none  |
        |grp_image_filter_PaintMask_2048_0_1080_1920_s_fu_220  |image_filter_PaintMask_2048_0_1080_1920_s  |    1|  2077921|    1|  2077921|   none  |
        |grp_image_filter_Mat2AXIvideo_fu_231                  |image_filter_Mat2AXIvideo                  |    1|  2076841|    1|  2076841|   none  |
        +------------------------------------------------------+-------------------------------------------+-----+---------+-----+---------+---------+

        * Loop: 
        N/A



================================================================
== Utilization Estimates
================================================================
* Summary: 
+-----------------+---------+-------+--------+-------+
|       Name      | BRAM_18K| DSP48E|   FF   |  LUT  |
+-----------------+---------+-------+--------+-------+
|DSP              |        -|      -|       -|      -|
|Expression       |        -|      -|       0|      1|
|FIFO             |       32|      -|     482|   1596|
|Instance         |       11|      -|    6263|   6317|
|Memory           |        -|      -|       -|      -|
|Multiplexer      |        -|      -|       -|      -|
|Register         |        -|      -|       -|      -|
+-----------------+---------+-------+--------+-------+
|Total            |       43|      0|    6745|   7914|
+-----------------+---------+-------+--------+-------+
|Available        |      280|    220|  106400|  53200|
+-----------------+---------+-------+--------+-------+
|Utilization (%)  |       15|      0|       6|     14|
+-----------------+---------+-------+--------+-------+

+ Detail: 
    * Instance: 
    +--------------------------------------------+-------------------------------------------+---------+-------+------+------+
    |                  Instance                  |                   Module                  | BRAM_18K| DSP48E|  FF  |  LUT |
    +--------------------------------------------+-------------------------------------------+---------+-------+------+------+
    |image_filter_AXIvideo2Mat_U0                |image_filter_AXIvideo2Mat                  |        0|      0|   148|   170|
    |image_filter_CONTROL_BUS_s_axi_U            |image_filter_CONTROL_BUS_s_axi             |        0|      0|   112|   168|
    |image_filter_Consume_1080_1920_0_U0         |image_filter_Consume_1080_1920_0_s         |        0|      0|    41|    56|
    |image_filter_Dilate_0_0_1080_1920_U0        |image_filter_Dilate_0_0_1080_1920_s        |        3|      0|   293|   462|
    |image_filter_Duplicate_U0                   |image_filter_Duplicate                     |        0|      0|    41|    61|
    |image_filter_FAST_t_opr_U0                  |image_filter_FAST_t_opr                    |        8|      0|  5483|  5186|
    |image_filter_Mat2AXIvideo_U0                |image_filter_Mat2AXIvideo                  |        0|      0|    44|    74|
    |image_filter_PaintMask_2048_0_1080_1920_U0  |image_filter_PaintMask_2048_0_1080_1920_s  |        0|      0|    60|    81|
    |image_filter_Split_1080_1920_2048_0_U0      |image_filter_Split_1080_1920_2048_0_s      |        0|      0|    41|    59|
    +--------------------------------------------+-------------------------------------------+---------+-------+------+------+
    |Total                                       |                                           |       11|      0|  6263|  6317|
    +--------------------------------------------+-------------------------------------------+---------+-------+------+------+

    * DSP48: 
    N/A

    * Memory: 
    N/A

    * FIFO: 
    +----------------------------+---------+-----+-----+-------+-----+---------+
    |            Name            | BRAM_18K|  FF | LUT | Depth | Bits| Size:D*B|
    +----------------------------+---------+-----+-----+-------+-----+---------+
    |dmask_data_stream_0_V_U     |        0|    5|   20|      1|    8|        8|
    |img_0_data_stream_0_V_U     |        0|    5|   20|      1|    8|        8|
    |img_0_data_stream_1_V_U     |        0|    5|   20|      1|    8|        8|
    |img_1_UV_data_stream_0_V_U  |        0|    5|   20|      1|    8|        8|
    |img_1_Y_data_stream_0_V_U   |        0|    5|   20|      1|    8|        8|
    |img_1_data_stream_0_V_13_U  |       16|  216|  698|  20000|    8|   160000|
    |img_1_data_stream_0_V_U     |        0|    5|   20|      1|    8|        8|
    |img_1_data_stream_1_V_15_U  |       16|  216|  698|  20000|    8|   160000|
    |img_1_data_stream_1_V_U     |        0|    5|   20|      1|    8|        8|
    |img_2_data_stream_0_V_U     |        0|    5|   20|      1|    8|        8|
    |img_2_data_stream_1_V_U     |        0|    5|   20|      1|    8|        8|
    |mask_data_stream_0_V_U      |        0|    5|   20|      1|    8|        8|
    +----------------------------+---------+-----+-----+-------+-----+---------+
    |Total                       |       32|  482| 1596|  40010|   96|   320080|
    +----------------------------+---------+-----+-----+-------+-----+---------+

    * Expression: 
    +---------------------------------------+----------+-------+---+----+------------+------------+
    |             Variable Name             | Operation| DSP48E| FF| LUT| Bitwidth P0| Bitwidth P1|
    +---------------------------------------+----------+-------+---+----+------------+------------+
    |image_filter_AXIvideo2Mat_U0_ap_start  |    and   |      0|  0|   1|           1|           0|
    +---------------------------------------+----------+-------+---+----+------------+------------+
    |Total                                  |          |      0|  0|   1|           1|           0|
    +---------------------------------------+----------+-------+---+----+------------+------------+

    * Multiplexer: 
    N/A

    * Register: 
    N/A



================================================================
== Interface
================================================================
* Summary: 
+---------------------------+-----+-----+------------+--------------------+--------------+
|         RTL Ports         | Dir | Bits|  Protocol  |    Source Object   |    C Type    |
+---------------------------+-----+-----+------------+--------------------+--------------+
|s_axi_CONTROL_BUS_AWVALID  |  in |    1|    s_axi   |     CONTROL_BUS    |  return void |
|s_axi_CONTROL_BUS_AWREADY  | out |    1|    s_axi   |     CONTROL_BUS    |  return void |
|s_axi_CONTROL_BUS_AWADDR   |  in |    6|    s_axi   |     CONTROL_BUS    |  return void |
|s_axi_CONTROL_BUS_WVALID   |  in |    1|    s_axi   |     CONTROL_BUS    |  return void |
|s_axi_CONTROL_BUS_WREADY   | out |    1|    s_axi   |     CONTROL_BUS    |  return void |
|s_axi_CONTROL_BUS_WDATA    |  in |   32|    s_axi   |     CONTROL_BUS    |  return void |
|s_axi_CONTROL_BUS_WSTRB    |  in |    4|    s_axi   |     CONTROL_BUS    |  return void |
|s_axi_CONTROL_BUS_ARVALID  |  in |    1|    s_axi   |     CONTROL_BUS    |  return void |
|s_axi_CONTROL_BUS_ARREADY  | out |    1|    s_axi   |     CONTROL_BUS    |  return void |
|s_axi_CONTROL_BUS_ARADDR   |  in |    6|    s_axi   |     CONTROL_BUS    |  return void |
|s_axi_CONTROL_BUS_RVALID   | out |    1|    s_axi   |     CONTROL_BUS    |  return void |
|s_axi_CONTROL_BUS_RREADY   |  in |    1|    s_axi   |     CONTROL_BUS    |  return void |
|s_axi_CONTROL_BUS_RDATA    | out |   32|    s_axi   |     CONTROL_BUS    |  return void |
|s_axi_CONTROL_BUS_RRESP    | out |    2|    s_axi   |     CONTROL_BUS    |  return void |
|s_axi_CONTROL_BUS_BVALID   | out |    1|    s_axi   |     CONTROL_BUS    |  return void |
|s_axi_CONTROL_BUS_BREADY   |  in |    1|    s_axi   |     CONTROL_BUS    |  return void |
|s_axi_CONTROL_BUS_BRESP    | out |    2|    s_axi   |     CONTROL_BUS    |  return void |
|ap_clk                     |  in |    1| ap_ctrl_hs |    image_filter    | return value |
|ap_rst_n                   |  in |    1| ap_ctrl_hs |    image_filter    | return value |
|interrupt                  | out |    1| ap_ctrl_hs |    image_filter    | return value |
|video_in_TDATA             |  in |   16|    axis    |  video_in_V_data_V |    pointer   |
|video_in_TKEEP             |  in |    2|    axis    |  video_in_V_keep_V |    pointer   |
|video_in_TSTRB             |  in |    2|    axis    |  video_in_V_strb_V |    pointer   |
|video_in_TUSER             |  in |    1|    axis    |  video_in_V_user_V |    pointer   |
|video_in_TLAST             |  in |    1|    axis    |  video_in_V_last_V |    pointer   |
|video_in_TID               |  in |    1|    axis    |   video_in_V_id_V  |    pointer   |
|video_in_TDEST             |  in |    1|    axis    |  video_in_V_dest_V |    pointer   |
|video_in_TVALID            |  in |    1|    axis    |  video_in_V_dest_V |    pointer   |
|video_in_TREADY            | out |    1|    axis    |  video_in_V_dest_V |    pointer   |
|video_out_TDATA            | out |   16|    axis    | video_out_V_data_V |    pointer   |
|video_out_TKEEP            | out |    2|    axis    | video_out_V_keep_V |    pointer   |
|video_out_TSTRB            | out |    2|    axis    | video_out_V_strb_V |    pointer   |
|video_out_TUSER            | out |    1|    axis    | video_out_V_user_V |    pointer   |
|video_out_TLAST            | out |    1|    axis    | video_out_V_last_V |    pointer   |
|video_out_TID              | out |    1|    axis    |  video_out_V_id_V  |    pointer   |
|video_out_TDEST            | out |    1|    axis    | video_out_V_dest_V |    pointer   |
|video_out_TVALID           | out |    1|    axis    | video_out_V_dest_V |    pointer   |
|video_out_TREADY           |  in |    1|    axis    | video_out_V_dest_V |    pointer   |
+---------------------------+-----+-----+------------+--------------------+--------------+

